[DEBUG   ] (asctime)-15s   debug
[INFO    ] (asctime)-15s   info
[WARNING ] (asctime)-15s   warning
[ERROR   ] (asctime)-15s   error
[CRITICAL] (asctime)-15s   critical
[DEBUG   ] (asctime)-15s   debug
[INFO    ] (asctime)-15s   info
[WARNING ] (asctime)-15s   warning
[ERROR   ] (asctime)-15s   error
[CRITICAL] (asctime)-15s   critical
[DEBUG   ] 2020-04-13 02:11:59,359   debug
[INFO    ] 2020-04-13 02:11:59,359   info
[WARNING ] 2020-04-13 02:11:59,359   warning
[ERROR   ] 2020-04-13 02:11:59,359   error
[CRITICAL] 2020-04-13 02:11:59,359   critical
[DEBUG   ] 2020-04-13 02:16:15,613   debug
[INFO    ] 2020-04-13 02:16:15,613   info
[WARNING ] 2020-04-13 02:16:15,613   warning
[ERROR   ] 2020-04-13 02:16:15,613   error
[CRITICAL] 2020-04-13 02:16:15,613   critical
[DEBUG   ] 2020-04-13 02:16:58,107   debug
[INFO    ] 2020-04-13 02:16:58,107   info
[WARNING ] 2020-04-13 02:16:58,107   warning
[ERROR   ] 2020-04-13 02:16:58,107   error
[CRITICAL] 2020-04-13 02:16:58,107   critical
[DEBUG   ] 2020-04-13 02:21:44,716   debug
[INFO    ] 2020-04-13 02:21:44,716   info
[WARNING ] 2020-04-13 02:21:44,716   warning
[ERROR   ] 2020-04-13 02:21:44,716   error
[CRITICAL] 2020-04-13 02:21:44,716   critical
[DEBUG   ] 2020-04-13 02:21:56,096   debug
[INFO    ] 2020-04-13 02:21:56,096   info
[WARNING ] 2020-04-13 02:21:56,096   warning
[ERROR   ] 2020-04-13 02:21:56,096   error
[CRITICAL] 2020-04-13 02:21:56,096   critical
[DEBUG   ] 2020-04-13 02:23:03,331   debug
[INFO    ] 2020-04-13 02:23:03,331   info
[WARNING ] 2020-04-13 02:23:03,331   warning
[ERROR   ] 2020-04-13 02:23:03,331   error
[CRITICAL] 2020-04-13 02:23:03,331   critical
[DEBUG   ] 2020-04-13 02:30:51,566   debug
[INFO    ] 2020-04-13 02:30:51,567   info
[WARNING ] 2020-04-13 02:30:51,567   warning
[ERROR   ] 2020-04-13 02:30:51,567   error
[CRITICAL] 2020-04-13 02:30:51,567   critical
[DEBUG   ] 2020-04-13 02:37:50,004   debug
[INFO    ] 2020-04-13 02:37:50,004   info
[WARNING ] 2020-04-13 02:37:50,004   warning
[ERROR   ] 2020-04-13 02:37:50,005   error
[CRITICAL] 2020-04-13 02:37:50,005   critical
[DEBUG   ] 2020-04-13 02:40:19,041   debug
[INFO    ] 2020-04-13 02:40:19,041   info
[WARNING ] 2020-04-13 02:40:19,041   warning
[ERROR   ] 2020-04-13 02:40:19,041   error
[CRITICAL] 2020-04-13 02:40:19,041   critical
[INFO    ] 2020-04-13 02:40:58,270   info
[WARNING ] 2020-04-13 02:40:58,270   warning
[ERROR   ] 2020-04-13 02:40:58,270   error
[CRITICAL] 2020-04-13 02:40:58,270   critical
[INFO    ] 2020-04-13 02:42:15,456   info
[WARNING ] 2020-04-13 02:42:15,457   warning
[ERROR   ] 2020-04-13 02:42:15,457   error
[CRITICAL] 2020-04-13 02:42:15,457   critical
[INFO    ] 2020-04-13 02:42:35,100   info
[WARNING ] 2020-04-13 02:42:35,100   warning
[ERROR   ] 2020-04-13 02:42:35,100   error
[CRITICAL] 2020-04-13 02:42:35,100   critical
[INFO    ] 2020-04-13 02:43:17,186   info
[WARNING ] 2020-04-13 02:43:17,187   warning
[ERROR   ] 2020-04-13 02:43:17,187   error
[CRITICAL] 2020-04-13 02:43:17,187   critical
[INFO    ] 2020-04-13 02:43:17,188   Бот успешно запущен!
[INFO    ] 2020-04-13 02:43:17,188   Бот успешно запущен!
[DEBUG   ] 2020-04-13 02:43:17,188   Успешный запуск bot.events
[INFO    ] 2020-04-13 02:43:20,333   Бот успешно запущен!
[INFO    ] 2020-04-13 02:43:50,584   info
[WARNING ] 2020-04-13 02:43:50,584   warning
[ERROR   ] 2020-04-13 02:43:50,584   error
[CRITICAL] 2020-04-13 02:43:50,584   critical
[INFO    ] 2020-04-13 02:43:50,585   Бот успешно запущен!
[INFO    ] 2020-04-13 02:43:50,585   Бот успешно запущен!
[DEBUG   ] 2020-04-13 02:43:50,585   Успешный запуск bot.events
[INFO    ] 2020-04-13 02:43:53,701   Бот успешно запущен!
[INFO    ] 2020-04-13 02:44:12,779   Бот успешно запущен!
[INFO    ] 2020-04-13 02:44:12,780   Бот успешно запущен!
[DEBUG   ] 2020-04-13 02:44:12,780   Успешный запуск bot.events
[INFO    ] 2020-04-13 02:44:15,821   Бот успешно запущен!
[INFO    ] 2020-04-13 02:44:18,027   Бот успешно запущен!
[INFO    ] 2020-04-13 02:44:18,027   Бот успешно запущен!
[DEBUG   ] 2020-04-13 02:44:18,027   Успешный запуск bot.events
[INFO    ] 2020-04-13 02:44:21,144   Бот успешно запущен!
[INFO    ] 2020-04-13 02:45:03,132   Бот успешно запущен!
[INFO    ] 2020-04-13 02:45:03,132   Бот успешно запущен!
[DEBUG   ] 2020-04-13 02:45:03,133   Успешный запуск bot.events
[INFO    ] 2020-04-13 02:45:06,302   Бот успешно запущен!
[INFO    ] 2020-04-13 02:45:37,181   Бот успешно запущен!
[DEBUG   ] 2020-04-13 02:45:37,181   Успешный запуск bot.events
[INFO    ] 2020-04-13 02:45:40,120   Бот успешно запущен!
[DEBUG   ] 2020-04-13 02:45:46,138   Успешный запуск bot.events
[INFO    ] 2020-04-13 02:45:49,311   Бот успешно запущен!
[DEBUG   ] 2020-04-13 02:46:45,542   Успешный запуск bot.events
[DEBUG   ] 2020-04-13 02:46:45,693   Запуск базы данных
[DEBUG   ] 2020-04-13 02:46:45,775   База данных успешно загружена
[DEBUG   ] 2020-04-13 02:46:45,782   Успешный запуск bot.raid_manager
[DEBUG   ] 2020-04-13 02:46:45,785   Успешный запуск bot.fun
[INFO    ] 2020-04-13 02:46:48,706   Бот успешно запущен!
[INFO    ] 2020-04-13 02:46:52,294   Gliger#7748 удачно использовал команду !!капитан Mandeson К-1 3:00
[INFO    ] 2020-04-13 02:47:01,215   Gliger#7748 успешно использовал команду !!бронь Кот1
[INFO    ] 2020-04-13 02:47:02,650   Сохранение рейда Mandeson
[INFO    ] 2020-04-13 02:47:06,233   Gliger#7748 успешно использовал команду !!бронь Кот2
[INFO    ] 2020-04-13 02:47:12,071   Gliger#7748 попал в рейд к кэпу Mandeson
[INFO    ] 2020-04-13 02:47:15,041   Gliger#7748 убрал себя из рейда
[INFO    ] 2020-04-13 02:47:16,885   Gliger#7748 попал в рейд к кэпу Mandeson
[INFO    ] 2020-04-13 02:47:18,626   Gliger#7748 убрал себя из рейда
[INFO    ] 2020-04-13 02:47:36,195   Gliger#7748 попал в рейд к кэпу Mandeson
[INFO    ] 2020-04-13 02:47:37,774   Gliger#7748 успешно использовал команду !!удали_бронь Mandeson
[INFO    ] 2020-04-13 02:47:44,029   Gliger#7748 попал в рейд к кэпу Mandeson
[INFO    ] 2020-04-13 02:47:47,502   Gliger#7748 убрал себя из рейда
[INFO    ] 2020-04-13 02:47:53,543   Gliger#7748 успешно использовал команду !!бронь Mandeson
[INFO    ] 2020-04-13 02:47:56,002   Gliger#7748 не смог попасть в рейд к кэпу. Уже есть в рейде
[INFO    ] 2020-04-13 02:47:58,868   Gliger#7748 убрал себя из рейда
[INFO    ] 2020-04-13 02:48:23,612   Gliger#7748 успешно использовал команду !!покажи Mandeson
[INFO    ] 2020-04-13 02:48:40,547   Сохранение рейда Mandeson
[INFO    ] 2020-04-13 02:48:49,763   Сохранение рейда Mandeson
[INFO    ] 2020-04-13 02:48:58,263   Gliger#7748 попал в рейд к кэпу Mandeson
[INFO    ] 2020-04-13 02:48:59,594   Gliger#7748 убрал себя из рейда
[INFO    ] 2020-04-13 02:49:07,481   Сохранение рейда Mandeson
[INFO    ] 2020-04-13 02:49:18,334   Сохранение рейда Mandeson
[INFO    ] 2020-04-13 02:49:33,493   Gliger#7748 попал в рейд к кэпу Mandeson
[INFO    ] 2020-04-13 02:49:35,234   Gliger#7748 убрал себя из рейда
[INFO    ] 2020-04-13 02:50:18,545   Сохранение рейда Mandeson
[INFO    ] 2020-04-13 02:50:28,011   Сохранение рейда Mandeson
[INFO    ] 2020-04-13 02:50:45,550   Сохранение рейда Mandeson
[INFO    ] 2020-04-13 02:50:56,229   Сохранение рейда Mandeson
[INFO    ] 2020-04-13 02:51:56,850   Сохранение рейда Mandeson
[INFO    ] 2020-04-13 02:52:06,375   Сохранение рейда Mandeson
[DEBUG   ] 2020-04-13 02:53:41,214   Успешный запуск bot.events
[DEBUG   ] 2020-04-13 02:53:41,365   Запуск базы данных
[DEBUG   ] 2020-04-13 02:53:41,432   База данных успешно загружена
[DEBUG   ] 2020-04-13 02:53:41,434   Успешный запуск bot.raid_manager
[DEBUG   ] 2020-04-13 02:53:41,435   Успешный запуск bot.fun
[DEBUG   ] 2020-04-13 02:54:06,165   Успешный запуск bot.events
[DEBUG   ] 2020-04-13 02:54:06,320   Запуск базы данных
[DEBUG   ] 2020-04-13 02:54:06,325   База данных успешно загружена
[DEBUG   ] 2020-04-13 02:54:06,327   Успешный запуск bot.raid_manager
[DEBUG   ] 2020-04-13 02:54:06,328   Успешный запуск bot.fun
[INFO    ] 2020-04-13 02:54:09,234   Бот успешно запущен!
[INFO    ] 2020-04-13 02:54:26,465   Gliger#7748 удачно использовал команду !!капитан Mandeson К-1 3:00
[INFO    ] 2020-04-13 02:54:43,252   Gliger#7748 успешно использовал команду !!бронь Котик1
[INFO    ] 2020-04-13 02:54:46,326   Gliger#7748 успешно использовал команду !!бронь Котик2
[INFO    ] 2020-04-13 02:54:52,880   Gliger#7748 неправильно ввёл команду !!сбор Mandeson
[INFO    ] 2020-04-13 02:55:02,405   Gliger#7748 неправильно ввёл команду !!капитан Mandeson К-1 3:00
[DEBUG   ] 2020-04-13 02:55:48,842   Успешный запуск bot.events
[DEBUG   ] 2020-04-13 02:55:48,989   Запуск базы данных
[DEBUG   ] 2020-04-13 02:55:49,048   База данных успешно загружена
[DEBUG   ] 2020-04-13 02:55:49,050   Успешный запуск bot.raid_manager
[DEBUG   ] 2020-04-13 02:55:49,050   Успешный запуск bot.fun
[INFO    ] 2020-04-13 02:55:51,953   Бот успешно запущен!
[INFO    ] 2020-04-13 02:55:59,542   Gliger#7748 удачно использовал команду !!капитан Mandeson К-1 3:00
[INFO    ] 2020-04-13 02:56:02,001   Сохранение рейда Mandeson
[INFO    ] 2020-04-13 02:56:15,263   Сохранение рейда Mandeson
[INFO    ] 2020-04-13 02:56:15,773   Сохранение рейда Mandeson
[INFO    ] 2020-04-13 02:56:20,231   Сохранение рейда Mandeson
[INFO    ] 2020-04-13 02:56:20,894   Сохранение рейда Mandeson
[INFO    ] 2020-04-13 02:56:25,842   Сохранение рейда Mandeson
[INFO    ] 2020-04-13 02:56:26,174   Сохранение рейда Mandeson
[INFO    ] 2020-04-13 02:56:26,781   Сохранение рейда Mandeson
[INFO    ] 2020-04-13 02:56:30,897   Сохранение рейда Mandeson
[INFO    ] 2020-04-13 02:56:32,312   Сохранение рейда Mandeson
[INFO    ] 2020-04-13 02:56:45,112   Gliger#7748 неправильно ввёл команду !!сбор Mandeson
[INFO    ] 2020-04-13 02:56:45,421   Сохранение рейда Mandeson
[INFO    ] 2020-04-13 02:56:50,131   Сохранение рейда Mandeson
[INFO    ] 2020-04-13 02:56:50,952   Сохранение рейда Mandeson
[INFO    ] 2020-04-13 02:56:55,453   Gliger#7748 неправильно ввёл команду !!сбор Mandeson
[INFO    ] 2020-04-13 02:56:55,764   Сохранение рейда Mandeson
[INFO    ] 2020-04-13 02:56:56,999   Сохранение рейда Mandeson
[INFO    ] 2020-04-13 02:57:00,765   Сохранение рейда Mandeson
[INFO    ] 2020-04-13 02:57:02,214   Сохранение рейда Mandeson
[INFO    ] 2020-04-13 02:57:13,074   Gliger#7748 успешно использовал команду !!удали_рейд Mandeson
[INFO    ] 2020-04-13 02:57:15,729   Сохранение рейда Mandeson
[INFO    ] 2020-04-13 02:57:17,885   Gliger#7748 использовал команду !!покажи_рейды
[INFO    ] 2020-04-13 02:57:20,235   Сохранение рейда Mandeson
[INFO    ] 2020-04-13 02:57:21,159   Сохранение рейда Mandeson
[INFO    ] 2020-04-13 02:57:25,664   Сохранение рейда Mandeson
[INFO    ] 2020-04-13 02:57:26,892   Сохранение рейда Mandeson
[INFO    ] 2020-04-13 02:57:30,465   Сохранение рейда Mandeson
[INFO    ] 2020-04-13 02:57:45,836   Сохранение рейда Mandeson
[INFO    ] 2020-04-13 02:57:50,052   Сохранение рейда Mandeson
[INFO    ] 2020-04-13 02:57:50,994   Сохранение рейда Mandeson
[DEBUG   ] 2020-04-13 02:57:52,689   Успешный запуск bot.events
[DEBUG   ] 2020-04-13 02:57:52,851   Запуск базы данных
[DEBUG   ] 2020-04-13 02:57:52,912   База данных успешно загружена
[DEBUG   ] 2020-04-13 02:57:52,914   Успешный запуск bot.raid_manager
[DEBUG   ] 2020-04-13 02:57:52,914   Успешный запуск bot.fun
[INFO    ] 2020-04-13 02:57:55,949   Бот успешно запущен!
[INFO    ] 2020-04-13 02:58:12,971   Gliger#7748 удачно использовал команду !!капитан Mandeson К-1 3:20
[INFO    ] 2020-04-13 02:58:19,732   Сохранение рейда Mandeson
[INFO    ] 2020-04-13 02:58:26,081   Сохранение рейда Mandeson
[INFO    ] 2020-04-13 02:59:02,340   Сохранение рейда Mandeson
[DEBUG   ] 2020-04-13 02:59:38,780   Успешный запуск bot.events
[DEBUG   ] 2020-04-13 02:59:38,934   Запуск базы данных
[DEBUG   ] 2020-04-13 02:59:39,001   База данных успешно загружена
[DEBUG   ] 2020-04-13 02:59:39,002   Успешный запуск bot.raid_manager
[DEBUG   ] 2020-04-13 02:59:39,003   Успешный запуск bot.fun
[INFO    ] 2020-04-13 02:59:42,045   Бот успешно запущен!
[INFO    ] 2020-04-13 02:59:52,713   Gliger#7748 удачно использовал команду !!капитан Mandeson К-1 4:00
[INFO    ] 2020-04-13 03:00:01,827   Сохранение рейда Mandeson
[INFO    ] 2020-04-13 03:00:02,750   Сохранение рейда Mandeson
[INFO    ] 2020-04-13 03:00:07,691   Сохранение рейда Mandeson
[INFO    ] 2020-04-13 03:00:09,326   Сохранение рейда Mandeson
[INFO    ] 2020-04-13 03:00:12,886   Сохранение рейда Mandeson
[INFO    ] 2020-04-13 03:00:13,900   Сохранение рейда Mandeson
[INFO    ] 2020-04-13 03:00:18,109   Сохранение рейда Mandeson
[INFO    ] 2020-04-13 03:00:18,417   Сохранение рейда Mandeson
[INFO    ] 2020-04-13 03:00:37,770   Gliger#7748 использовал команду !!покажи_рейды
[INFO    ] 2020-04-13 03:00:42,888   Gliger#7748 успешно использовал команду !!удали_рейд Mandeson
[INFO    ] 2020-04-13 03:00:54,152   Gliger#7748 удачно использовал команду !!капитан Mandeson К-1 3:05
[INFO    ] 2020-04-13 03:01:00,198   Сохранение рейда Mandeson
[INFO    ] 2020-04-13 03:01:04,294   Сохранение рейда Mandeson
[INFO    ] 2020-04-13 03:01:06,047   Сохранение рейда Mandeson
[INFO    ] 2020-04-13 03:01:07,261   Сохранение рейда Mandeson
[INFO    ] 2020-04-13 03:01:11,356   Сохранение рейда Mandeson
[INFO    ] 2020-04-13 03:01:11,669   Сохранение рейда Mandeson
[INFO    ] 2020-04-13 03:01:12,691   Сохранение рейда Mandeson
[INFO    ] 2020-04-13 03:01:18,093   Сохранение рейда Mandeson
[INFO    ] 2020-04-13 03:01:31,327   Сохранение рейда Mandeson
[INFO    ] 2020-04-13 03:01:35,319   Сохранение рейда Mandeson
[INFO    ] 2020-04-13 03:01:37,164   Сохранение рейда Mandeson
[INFO    ] 2020-04-13 03:01:38,185   Сохранение рейда Mandeson
[INFO    ] 2020-04-13 03:01:42,081   Gliger#7748 неправильно ввёл команду !!сбор Mandeson
[INFO    ] 2020-04-13 03:01:42,391   Сохранение рейда Mandeson
[INFO    ] 2020-04-13 03:01:43,650   Сохранение рейда Mandeson
[INFO    ] 2020-04-13 03:01:49,142   Сохранение рейда Mandeson
[INFO    ] 2020-04-13 03:02:04,507   Сохранение рейда Mandeson
[INFO    ] 2020-04-13 03:02:06,556   Сохранение рейда Mandeson
[INFO    ] 2020-04-13 03:02:08,256   Сохранение рейда Mandeson
[INFO    ] 2020-04-13 03:02:09,438   Сохранение рейда Mandeson
[INFO    ] 2020-04-13 03:02:13,514   Сохранение рейда Mandeson
[INFO    ] 2020-04-13 03:02:14,643   Сохранение рейда Mandeson
[INFO    ] 2020-04-13 03:02:20,221   Сохранение рейда Mandeson
[INFO    ] 2020-04-13 03:02:35,432   Сохранение рейда Mandeson
[INFO    ] 2020-04-13 03:02:38,391   Сохранение рейда Mandeson
[INFO    ] 2020-04-13 03:02:39,526   Сохранение рейда Mandeson
[INFO    ] 2020-04-13 03:02:40,221   Сохранение рейда Mandeson
[INFO    ] 2020-04-13 03:02:44,542   Сохранение рейда Mandeson
[INFO    ] 2020-04-13 03:02:45,875   Сохранение рейда Mandeson
[INFO    ] 2020-04-13 03:02:51,307   Сохранение рейда Mandeson
[DEBUG   ] 2020-04-13 03:04:29,761   Успешный запуск bot.events
[DEBUG   ] 2020-04-13 03:04:29,914   Запуск базы данных
[DEBUG   ] 2020-04-13 03:04:29,979   База данных успешно загружена
[DEBUG   ] 2020-04-13 03:04:29,981   Успешный запуск bot.raid_manager
[DEBUG   ] 2020-04-13 03:04:29,982   Успешный запуск bot.fun
[INFO    ] 2020-04-13 03:04:32,873   Бот успешно запущен!
[INFO    ] 2020-04-13 03:04:57,766   Gliger#7748 удачно использовал команду !!капитан Mandeson К-1 3:07
[INFO    ] 2020-04-13 03:05:03,091   Сохранение рейда Mandeson
[INFO    ] 2020-04-13 03:05:10,159   Сохранение рейда Mandeson
[INFO    ] 2020-04-13 03:05:14,246   Сохранение рейда Mandeson
[INFO    ] 2020-04-13 03:05:16,301   Сохранение рейда Mandeson
[INFO    ] 2020-04-13 03:05:18,044   Сохранение рейда Mandeson
[INFO    ] 2020-04-13 03:05:18,352   Сохранение рейда Mandeson
[INFO    ] 2020-04-13 03:05:21,731   Сохранение рейда Mandeson
[INFO    ] 2020-04-13 03:05:24,982   Сохранение рейда Mandeson
[INFO    ] 2020-04-13 03:05:29,822   Сохранение рейда Mandeson
[INFO    ] 2020-04-13 03:05:31,253   Сохранение рейда Mandeson
[INFO    ] 2020-04-13 03:05:32,602   Gliger#7748 неправильно ввёл команду !!капитан Mandeson К-1 3:07
[INFO    ] 2020-04-13 03:05:32,996   Сохранение рейда Mandeson
[INFO    ] 2020-04-13 03:05:37,602   Сохранение рейда Mandeson
[INFO    ] 2020-04-13 03:05:39,957   Сохранение рейда Mandeson
[INFO    ] 2020-04-13 03:05:45,180   Сохранение рейда Mandeson
[INFO    ] 2020-04-13 03:05:46,102   Сохранение рейда Mandeson
[INFO    ] 2020-04-13 03:05:47,943   Сохранение рейда Mandeson
[INFO    ] 2020-04-13 03:05:52,552   Сохранение рейда Mandeson
[INFO    ] 2020-04-13 03:05:54,911   Сохранение рейда Mandeson
[INFO    ] 2020-04-13 03:06:00,437   Gliger#7748 неправильно ввёл команду !!сбор Mandeson
[INFO    ] 2020-04-13 03:06:00,614   Сохранение рейда Mandeson
[INFO    ] 2020-04-13 03:06:03,310   Сохранение рейда Mandeson
[DEBUG   ] 2020-04-13 03:06:21,915   Успешный запуск bot.events
[DEBUG   ] 2020-04-13 03:06:22,071   Запуск базы данных
[DEBUG   ] 2020-04-13 03:06:22,132   База данных успешно загружена
[DEBUG   ] 2020-04-13 03:06:22,135   Успешный запуск bot.raid_manager
[DEBUG   ] 2020-04-13 03:06:22,135   Успешный запуск bot.fun
[INFO    ] 2020-04-13 03:06:24,953   Бот успешно запущен!
[INFO    ] 2020-04-13 03:06:25,729   Gliger#7748 удачно использовал команду !!капитан Mandeson К-1 3:08
[INFO    ] 2020-04-13 03:06:32,796   Сохранение рейда Mandeson
[INFO    ] 2020-04-13 03:06:36,379   Сохранение рейда Mandeson
[INFO    ] 2020-04-13 03:06:38,440   Сохранение рейда Mandeson
[INFO    ] 2020-04-13 03:06:40,988   Сохранение рейда Mandeson
[INFO    ] 2020-04-13 03:06:44,784   Сохранение рейда Mandeson
[INFO    ] 2020-04-13 03:06:48,283   Сохранение рейда Mandeson
[INFO    ] 2020-04-13 03:06:50,512   Сохранение рейда Mandeson
[INFO    ] 2020-04-13 03:06:52,764   Сохранение рейда Mandeson
[INFO    ] 2020-04-13 03:06:56,758   Сохранение рейда Mandeson
[INFO    ] 2020-04-13 03:07:00,035   Сохранение рейда Mandeson
[INFO    ] 2020-04-13 03:07:02,085   Сохранение рейда Mandeson
[INFO    ] 2020-04-13 03:07:02,390   Сохранение рейда Mandeson
[INFO    ] 2020-04-13 03:07:04,644   Сохранение рейда Mandeson
[DEBUG   ] 2020-04-13 03:08:52,683   Успешный запуск bot.events
[DEBUG   ] 2020-04-13 03:08:52,834   Запуск базы данных
[DEBUG   ] 2020-04-13 03:08:52,892   База данных успешно загружена
[DEBUG   ] 2020-04-13 03:08:52,894   Успешный запуск bot.raid_manager
[DEBUG   ] 2020-04-13 03:08:52,895   Успешный запуск bot.fun
[INFO    ] 2020-04-13 03:08:55,937   Бот успешно запущен!
[INFO    ] 2020-04-13 03:09:06,707   Gliger#7748 удачно использовал команду !!капитан Mandeson К-1 3:10
[INFO    ] 2020-04-13 03:09:13,328   Сохранение рейда Mandeson
[INFO    ] 2020-04-13 03:09:17,296   Сохранение рейда Mandeson
[INFO    ] 2020-04-13 03:09:18,147   Сохранение рейда Mandeson
[INFO    ] 2020-04-13 03:09:19,507   Сохранение рейда Mandeson
[INFO    ] 2020-04-13 03:09:20,068   Сохранение рейда Mandeson
[INFO    ] 2020-04-13 03:09:24,015   Сохранение рейда Mandeson
[INFO    ] 2020-04-13 03:09:24,627   Сохранение рейда Mandeson
[INFO    ] 2020-04-13 03:09:30,584   Сохранение рейда Mandeson
[INFO    ] 2020-04-13 03:09:36,596   Сохранение рейда Mandeson
[INFO    ] 2020-04-13 03:09:42,444   Сохранение рейда Mandeson
[INFO    ] 2020-04-13 03:09:48,368   Сохранение рейда Mandeson
[INFO    ] 2020-04-13 03:10:00,569   Сохранение рейда Mandeson
[INFO    ] 2020-04-13 03:10:12,652   Gliger#7748 успешно использовал команду !!сбор Mandeson
[DEBUG   ] 2020-04-13 03:15:42,594   Успешный запуск bot.events
[DEBUG   ] 2020-04-13 03:15:42,598   Успешный запуск bot.base
[DEBUG   ] 2020-04-13 03:15:42,745   Запуск базы данных
[DEBUG   ] 2020-04-13 03:15:42,814   База данных успешно загружена
[DEBUG   ] 2020-04-13 03:15:42,819   Успешный запуск bot.raid_manager
[DEBUG   ] 2020-04-13 03:15:42,822   Успешный запуск bot.fun
[INFO    ] 2020-04-13 03:15:45,750   Бот успешно запущен!
[DEBUG   ] 2020-04-13 03:18:25,304   Успешный запуск bot.events
[DEBUG   ] 2020-04-13 03:18:25,307   Успешный запуск bot.base
[DEBUG   ] 2020-04-13 03:18:25,467   Запуск базы данных
[DEBUG   ] 2020-04-13 03:18:25,529   База данных успешно загружена
[DEBUG   ] 2020-04-13 03:18:25,531   Успешный запуск bot.raid_manager
[DEBUG   ] 2020-04-13 03:18:25,531   Успешный запуск bot.fun
[INFO    ] 2020-04-13 03:18:28,565   Бот успешно запущен!
[INFO    ] 2020-04-13 03:18:40,176   Бот успешно запущен!
[INFO    ] 2020-04-13 03:20:14,366   [TH]Skout#5016 ввёл команду !!осуди_его
[INFO    ] 2020-04-13 03:25:23,722   Ldov10#7897 ввёл команду !!осуди_его
[INFO    ] 2020-04-13 03:25:29,558   [TH]Skout#5016 ввёл команду !!осуди_его
[INFO    ] 2020-04-13 03:25:32,488   Ldov10#7897 ввёл команду !!осуди_его
[INFO    ] 2020-04-13 03:25:35,299   [TH]Skout#5016 ввёл команду !!осуди_его
[INFO    ] 2020-04-13 03:25:37,135   Ldov10#7897 ввёл команду !!осуди_его
[INFO    ] 2020-04-13 03:25:37,751   [TH]Skout#5016 ввёл команду !!осуди_его
[INFO    ] 2020-04-13 03:25:42,051   Ldov10#7897 ввёл команду !!осуди_его
[INFO    ] 2020-04-13 03:25:42,331   [TH]Skout#5016 ввёл команду !!осуди_его
[INFO    ] 2020-04-13 03:30:11,933   Ldov10#7897 неправильно ввёл команду !!НаЧьейМачтеСейчасТаня?
[INFO    ] 2020-04-13 03:32:55,530   Бот успешно запущен!
[INFO    ] 2020-04-13 03:33:08,627   Gliger#7748 ввёл команду !!уйди_бот
[INFO    ] 2020-04-13 03:37:46,468   Бот успешно запущен!
[INFO    ] 2020-04-13 03:38:26,735   Бот успешно запущен!
[INFO    ] 2020-04-13 03:38:46,376   Бот успешно запущен!
[INFO    ] 2020-04-13 03:38:47,995   Gliger#7748 неправильно ввёл команду !!где Таня?
[INFO    ] 2020-04-13 03:39:04,594   Бот успешно запущен!
[INFO    ] 2020-04-13 03:39:05,853   Gliger#7748 неправильно ввёл команду !!где Таня?
[INFO    ] 2020-04-13 03:39:07,545   Ldov10#7897 неправильно ввёл команду !!Таня на Мачте?
[INFO    ] 2020-04-13 03:39:25,058   Ldov10#7897 неправильно ввёл команду !!Слышь, бот, а ну-ка на колени!
[INFO    ] 2020-04-13 03:39:31,927   Бот успешно запущен!
[INFO    ] 2020-04-13 03:39:32,234   [TH]Skout#5016 неправильно ввёл команду !!Где_Таня
[INFO    ] 2020-04-13 03:39:33,562   Gliger#7748 неправильно ввёл команду !!где Таня
[INFO    ] 2020-04-13 03:39:49,324   Ldov10#7897 неправильно ввёл команду !!Где Таня
[INFO    ] 2020-04-13 03:39:54,652   Gliger#7748 ввёл команду !!help
[INFO    ] 2020-04-13 03:40:07,864   Ldov10#7897 неправильно ввёл команду !!уйди бот
[INFO    ] 2020-04-13 03:40:17,485   Ldov10#7897 ввёл команду !!уйди_бот
[INFO    ] 2020-04-13 03:40:35,491   Gliger#7748 ввёл команду !!уйди_бот
[INFO    ] 2020-04-13 03:40:43,191   Ldov10#7897 ввёл команду !!уйди_бот
[INFO    ] 2020-04-13 03:40:45,347   Ldov10#7897 ввёл команду !!уйди_бот
[INFO    ] 2020-04-13 03:40:46,874   Ldov10#7897 ввёл команду !!уйди_бот
[INFO    ] 2020-04-13 03:42:18,244   Бот успешно запущен!
[INFO    ] 2020-04-13 03:42:21,352   NutsWin#5619 успешно использовал команду !!рег Nanapopa
[INFO    ] 2020-04-13 03:42:29,173   Ldov10#7897 ввёл команду !!уйди_бот
[INFO    ] 2020-04-13 03:42:41,564   [TH]Skout#5016 неправильно ввёл команду !!где
[INFO    ] 2020-04-13 03:43:07,113   [TH]Skout#5016 неправильно ввёл команду !!у кого мачта
[INFO    ] 2020-04-13 03:43:21,294   Internum Ramadan Саша#9616 успешно использовал команду !!рег Cablenot
[INFO    ] 2020-04-13 03:43:37,858   Gliger#7748 неправильно ввёл команду !!перег Mandeson
[INFO    ] 2020-04-13 03:43:48,614   Gliger#7748 успешно использовал команду !!перерег Mandeson
[INFO    ] 2020-04-13 03:44:57,145   [TH]Skout#5016 неправильно ввёл команду !!Перерег BiPixxxxDima
[INFO    ] 2020-04-13 03:45:31,875   [TH]Skout#5016 успешно использовал команду !!перерег BiPixxxxDima
[INFO    ] 2020-04-13 03:46:08,417   [TH]Skout#5016 успешно использовал команду !!перерег BiPi
[INFO    ] 2020-04-13 03:46:29,614   [TH]Skout#5016 успешно использовал команду !!перерег ТаняНаМачте
[INFO    ] 2020-04-13 03:47:58,793   [TH]Skout#5016 неправильно ввёл команду !!TaniaNaMachteNicccBiPi
[INFO    ] 2020-04-13 03:48:09,252   Ldov10#7897 неправильно ввёл команду !!что делает Mandeson, ответ: работает на благо порнохаюа
[INFO    ] 2020-04-13 03:48:18,367   [TH]Skout#5016 неправильно ввёл команду !!перерегTaniaNaMachteNicccBiPi
[INFO    ] 2020-04-13 03:48:26,684   Бот успешно запущен!
[INFO    ] 2020-04-13 03:53:05,762   Бот успешно запущен!
[INFO    ] 2020-04-13 03:54:46,684   Бот успешно запущен!
[INFO    ] 2020-04-13 03:54:48,824   Gliger#7748 ввёл команду !!где Таня
[INFO    ] 2020-04-13 03:56:42,388   Gliger#7748 успешно ввёл команду !!очисти_чат
[INFO    ] 2020-04-13 03:56:48,840   Gliger#7748 успешно ввёл команду !!очисти_чат
[INFO    ] 2020-04-13 04:00:59,627   [TH]Skout#5016 неправильно ввёл команду !!Где таня
[INFO    ] 2020-04-13 04:01:05,663   [TH]Skout#5016 неправильно ввёл команду !!Где Таня
[INFO    ] 2020-04-13 04:01:15,762   [TH]Skout#5016 ввёл команду !!где Таня
[INFO    ] 2020-04-13 04:01:19,897   [TH]Skout#5016 ввёл команду !!где Таня
[INFO    ] 2020-04-13 04:01:21,438   [TH]Skout#5016 ввёл команду !!где Таня
[INFO    ] 2020-04-13 04:01:23,583   [TH]Skout#5016 ввёл команду !!где Таня
[INFO    ] 2020-04-13 04:06:28,917   Ldov10#7897 ввёл команду !!где Таня
[INFO    ] 2020-04-13 04:06:43,690   [TH]Skout#5016 ввёл команду !!где Таня
[INFO    ] 2020-04-13 04:07:52,836   Бот успешно запущен!
[INFO    ] 2020-04-13 04:08:27,013   Gliger#7748 ввёл команду !!где Таня
[INFO    ] 2020-04-13 04:08:29,778   Gliger#7748 ввёл команду !!где Таня
[INFO    ] 2020-04-13 23:40:54,474   Бот успешно запущен!
[INFO    ] 2020-04-13 23:41:16,677   Gliger#7748 ввёл команду !!test
[INFO    ] 2020-04-13 23:41:29,887   Gliger#7748 ввёл команду !!где Таня?
[INFO    ] 2020-04-13 23:41:46,680   Gliger#7748 ввёл команду !!help
[INFO    ] 2020-04-13 23:41:59,197   [TH]Skout#5016 ввёл команду !!где Таня
[INFO    ] 2020-04-13 23:42:05,624   Gliger#7748 ввёл команду !!help очисти_чат
[INFO    ] 2020-04-13 23:42:11,051   [TH]Skout#5016 ввёл команду !!где Таня
[INFO    ] 2020-04-13 23:42:12,281   [TH]Skout#5016 ввёл команду !!где Таня
[INFO    ] 2020-04-13 23:42:12,899   [TH]Skout#5016 ввёл команду !!где Таня
[INFO    ] 2020-04-13 23:42:14,756   [TH]Skout#5016 ввёл команду !!где Таня
[INFO    ] 2020-04-13 23:42:15,899   [TH]Skout#5016 ввёл команду !!где Таня
[INFO    ] 2020-04-13 23:42:34,334   Ldov10#7897 ввёл команду !!где Таня
[INFO    ] 2020-04-13 23:42:36,145   Ldov10#7897 ввёл команду !!где Таня
[INFO    ] 2020-04-13 23:42:38,290   Ldov10#7897 ввёл команду !!где Таня
[INFO    ] 2020-04-13 23:42:41,669   Ldov10#7897 ввёл команду !!где Таня
[INFO    ] 2020-04-13 23:42:44,128   Ldov10#7897 ввёл команду !!где Таня
[INFO    ] 2020-04-13 23:44:31,981   Бот успешно запущен!
[INFO    ] 2020-04-13 23:44:54,794   Gliger#7748 ввёл команду !!help
[INFO    ] 2020-04-13 23:45:05,748   Ldov10#7897 ввёл команду !!где Таня
[INFO    ] 2020-04-13 23:45:07,594   Ldov10#7897 ввёл команду !!где Таня
[INFO    ] 2020-04-13 23:45:12,406   Ldov10#7897 ввёл команду !!где Таня
[INFO    ] 2020-04-13 23:45:13,945   Ldov10#7897 ввёл команду !!где Таня
[INFO    ] 2020-04-13 23:45:15,797   Ldov10#7897 ввёл команду !!где Таня
[INFO    ] 2020-04-13 23:48:29,665   Бот успешно запущен!
[INFO    ] 2020-04-13 23:48:33,560   [TH]Skout#5016 неправильно ввёл команду !!где Таня
[INFO    ] 2020-04-13 23:48:40,999   nxs#0551 неправильно ввёл команду !!заточи_бс
[INFO    ] 2020-04-13 23:48:44,382   Ldov10#7897 неправильно ввёл команду !!мы тут все боты?
[INFO    ] 2020-04-13 23:48:45,299   [TH]Skout#5016 неправильно ввёл команду !!где Таня
[INFO    ] 2020-04-13 23:51:08,897   Бот успешно запущен!
[INFO    ] 2020-04-13 23:51:26,261   Gliger#7748 неправильно ввёл команду !!где Таня
[INFO    ] 2020-04-13 23:51:43,875   Бот успешно запущен!
[INFO    ] 2020-04-13 23:51:46,141   Gliger#7748 неправильно ввёл команду !!где Таня
[INFO    ] 2020-04-13 23:52:16,791   Бот успешно запущен!
[INFO    ] 2020-04-13 23:52:34,996   Gliger#7748 ввёл команду !!help
[INFO    ] 2020-04-13 23:52:40,106   Gliger#7748 ввёл команду !!help капитан
[INFO    ] 2020-04-13 23:53:41,213   Бот успешно запущен!
[INFO    ] 2020-04-13 23:54:34,496   Gliger#7748 ввёл команду !!help
[INFO    ] 2020-04-13 23:54:41,761   Gliger#7748 ввёл команду !!help капитан
[INFO    ] 2020-04-13 23:55:12,687   Gliger#7748 успешно ввёл команду !!очисти_чат
[INFO    ] 2020-04-13 23:57:56,835   adidas_195 Юра#7647 неправильно ввёл команду !!per umaneckl
[INFO    ] 2020-04-14 00:01:03,002   Gliger#7748 неправильно ввёл команду !!осуди их
[INFO    ] 2020-04-14 00:01:14,472   Ldov10#7897 неправильно ввёл команду !!осуди его
[INFO    ] 2020-04-14 00:01:24,917   Gliger#7748 неправильно ввёл команду !!осуди
[INFO    ] 2020-04-14 00:01:36,180   Gliger#7748 ввёл команду !!help
[INFO    ] 2020-04-14 00:01:48,984   Gliger#7748 ввёл команду !!осуди_его
[INFO    ] 2020-04-14 00:05:08,065   [TH]Skout#5016 успешно использовал команду !!перерег BiPI
[INFO    ] 2020-04-14 00:05:18,496   [TH]Skout#5016 неправильно ввёл команду !!Перерег BiPi
[INFO    ] 2020-04-14 00:05:27,499   [TH]Skout#5016 успешно использовал команду !!перерег BiPi
[INFO    ] 2020-04-14 00:05:47,181   kastilia#9419 успешно использовал команду !!перерег Mirrs
[INFO    ] 2020-04-14 00:08:26,607   CBYATOSHA#8118 неправильно ввёл команду !!рег
[INFO    ] 2020-04-14 00:27:47,473   sailorbelka#2927 успешно использовал команду !!перерег ФонФавн
[INFO    ] 2020-04-14 00:51:19,546   EbanytiiKawak#8125 успешно использовал команду !!перерег Meown
[INFO    ] 2020-04-14 13:13:08,623   Бот успешно запущен!
[INFO    ] 2020-04-14 13:17:05,480   Бот успешно запущен!
[INFO    ] 2020-04-14 13:17:14,386   Бот успешно запущен!
[INFO    ] 2020-04-14 13:21:22,510   Бот успешно запущен!
[INFO    ] 2020-04-14 13:24:16,906   Бот успешно запущен!
[INFO    ] 2020-04-14 13:27:05,763   Бот успешно запущен!
[INFO    ] 2020-04-14 20:27:08,940   Бот успешно запущен!
[INFO    ] 2020-04-14 20:27:54,590   Gliger#7748 удачно использовал команду !!капитан Эля К-1 22:30 21:00
[INFO    ] 2020-04-14 20:28:15,483   Gliger#7748 удачно использовал команду !!капитан Тутттка К-1 0:15 21:00
[INFO    ] 2020-04-14 20:28:25,205   Gliger#7748 удачно использовал команду !!капитан Гурманов К-4 0:15 21:00
[INFO    ] 2020-04-14 20:34:46,747   Gliger#7748 ввёл команду !!help
[INFO    ] 2020-04-14 20:42:38,434   Лопасти#6043 успешно использовал команду !!рег Лопасти
[INFO    ] 2020-04-14 21:00:02,822   Сохранение рейда Гурманов
[INFO    ] 2020-04-14 21:00:03,129   Сохранение рейда Эля
[INFO    ] 2020-04-14 21:00:03,131   Сохранение рейда Тутттка
[INFO    ] 2020-04-14 21:00:05,679   Walttiore Николай#8977 попал в рейд к кэпу Гурманов
[INFO    ] 2020-04-14 21:00:05,803   Redbull__(ЖенЁк)#6160 попал в рейд к кэпу Эля
[INFO    ] 2020-04-14 21:00:07,012   CrazyBrilliant#1030 попал в рейд к кэпу Эля
[INFO    ] 2020-04-14 21:00:08,728   Redbull__(ЖенЁк)#6160 попал в рейд к кэпу Гурманов
[INFO    ] 2020-04-14 21:00:09,988   Тень#2760 попал в рейд к кэпу Эля
[INFO    ] 2020-04-14 21:00:11,962   CrazyBrilliant#1030 попал в рейд к кэпу Гурманов
[INFO    ] 2020-04-14 21:00:18,454   CrazyGrandPA#0784 попал в рейд к кэпу Эля
[INFO    ] 2020-04-14 21:00:20,914   Артур#6171 попал в рейд к кэпу Эля
[INFO    ] 2020-04-14 21:00:23,201   CrazyGrandPA#0784 попал в рейд к кэпу Тутттка
[INFO    ] 2020-04-14 21:00:25,143   Штрафбат#3721 попал в рейд к кэпу Гурманов
[INFO    ] 2020-04-14 21:00:25,186   BDSMmyLIFE/Саня#4576 не попал в рейд. Нет регистрации
[INFO    ] 2020-04-14 21:00:42,348   Артём(Артисливчик)#9145 попал в рейд к кэпу Тутттка
[INFO    ] 2020-04-14 21:00:42,851   Расика#5697 попал в рейд к кэпу Эля
[INFO    ] 2020-04-14 21:00:55,649   [TH]Skout#5016 попал в рейд к кэпу Гурманов
[INFO    ] 2020-04-14 21:00:55,740   Kleo#0653 попал в рейд к кэпу Гурманов
[INFO    ] 2020-04-14 21:01:16,849   Indigo48(Владимир)#8526 попал в рейд к кэпу Эля
[INFO    ] 2020-04-14 21:01:19,358   NePromah#8824 не попал в рейд. Нет регистрации
[INFO    ] 2020-04-14 21:01:25,984   Indigo48(Владимир)#8526 попал в рейд к кэпу Тутттка
[INFO    ] 2020-04-14 21:01:28,856   Ins#3700 попал в рейд к кэпу Гурманов
[INFO    ] 2020-04-14 21:01:38,831   Gliger#7748 успешно использовал команду !!сохрани_рейды
[INFO    ] 2020-04-14 21:02:08,945   BDSMmyLIFE/Саня#4576 успешно использовал команду !!рег BDSMmeinLIBEN
[INFO    ] 2020-04-14 21:02:43,679   BDSMmyLIFE/Саня#4576 попал в рейд к кэпу Эля
[INFO    ] 2020-04-14 21:03:22,489   NePromah#8824 успешно использовал команду !!рег Krasix
[INFO    ] 2020-04-14 21:03:37,252   NePromah#8824 попал в рейд к кэпу Эля
[INFO    ] 2020-04-14 21:05:38,087   Cromas#4711 попал в рейд к кэпу Эля
[INFO    ] 2020-04-14 21:06:09,553   Cromas#4711 попал в рейд к кэпу Тутттка
[INFO    ] 2020-04-14 21:06:12,101   𝓢𝓬𝓪𝓭𝓲𝔀𝓮𝔂#1126 попал в рейд к кэпу Гурманов
[INFO    ] 2020-04-14 21:07:20,447   Ldov10#7897 попал в рейд к кэпу Гурманов
[INFO    ] 2020-04-14 21:09:59,309   ShimoichiTV#9523 попал в рейд к кэпу Эля
[INFO    ] 2020-04-14 21:11:18,321   Сохранение рейда Эля
[INFO    ] 2020-04-14 21:20:27,445   Dezalt#2004 попал в рейд к кэпу Гурманов
[INFO    ] 2020-04-14 21:22:33,369   Сохранение рейда Эля
[INFO    ] 2020-04-14 21:24:25,782   HeyBitch#6367 попал в рейд к кэпу Гурманов
[INFO    ] 2020-04-14 21:24:25,873   Сохранение рейда Гурманов
[INFO    ] 2020-04-14 21:24:26,601   Сохранение рейда Тутттка
[INFO    ] 2020-04-14 21:25:04,351   Серега#6748 попал в рейд к кэпу Эля
[INFO    ] 2020-04-14 21:25:36,245   Kleo#0653 неудачно использовал команду !!рег Аэрин. Уже есть в БД
[INFO    ] 2020-04-14 21:25:47,039   Kleo#0653 убрал себя из рейда кэпа Гурманов
[INFO    ] 2020-04-14 21:25:47,872   Kleo#0653 попал в рейд к кэпу Гурманов
[INFO    ] 2020-04-14 21:26:03,622   Kleo#0653 неудачно использовал команду !!рег Аэрин. Уже есть в БД
[INFO    ] 2020-04-14 21:27:15,884   Клео#0653 не попал в рейд. Нет регистрации
[INFO    ] 2020-04-14 21:27:23,591   Клео#0653 успешно использовал команду !!рег Аэрин
[INFO    ] 2020-04-14 21:27:30,822   Клео#0653 попал в рейд к кэпу Гурманов
[INFO    ] 2020-04-14 21:29:16,352   Kleo#0653 убрал себя из рейда кэпа Гурманов
[INFO    ] 2020-04-14 21:30:14,611   Kleo#0653 попал в рейд к кэпу Гурманов
[INFO    ] 2020-04-14 21:30:15,427   Werex#0768 попал в рейд к кэпу Тутттка
[INFO    ] 2020-04-14 21:30:24,596   Kleo#0653 неудачно использовал команду !!рег Аэрин. Уже есть в БД
[INFO    ] 2020-04-14 21:30:26,386   Ramy (Андрей)#3115 попал в рейд к кэпу Тутттка
[INFO    ] 2020-04-14 21:31:21,119   Kleo#0653 неудачно использовал команду !!рег Аэрин. Уже есть в БД
[INFO    ] 2020-04-14 21:33:48,855   Сохранение рейда Эля
[INFO    ] 2020-04-14 21:36:05,269   Kleo#0653 успешно использовал команду !!перерег Аэрин
[INFO    ] 2020-04-14 21:36:17,017   Kleo#0653 убрал себя из рейда кэпа Гурманов
[INFO    ] 2020-04-14 21:36:20,552   Kleo#0653 попал в рейд к кэпу Гурманов
[INFO    ] 2020-04-14 21:44:02,670   Лопасти#6043 попал в рейд к кэпу Эля
[INFO    ] 2020-04-14 21:45:04,183   Сохранение рейда Эля
[INFO    ] 2020-04-14 21:45:31,122   ДобрыйАнгел#0571 попал в рейд к кэпу Эля
[INFO    ] 2020-04-14 21:47:22,578   Артур#6171 убрал себя из рейда кэпа Эля
[INFO    ] 2020-04-14 21:47:26,067   SirTinker(Алексей)#3919 не попал в рейд. Нет регистрации
[INFO    ] 2020-04-14 21:47:47,589   SirTinker(Алексей)#3919 успешно использовал команду !!перерег SirTinker
[INFO    ] 2020-04-14 21:47:56,876   SirTinker(Алексей)#3919 попал в рейд к кэпу Гурманов
[INFO    ] 2020-04-14 21:48:21,107   BDSMmyLIFE/Саня#4576 неудачно использовал команду !!рег BDSMmeinLIBEN. Уже есть в БД
[INFO    ] 2020-04-14 21:48:41,430   BDSMmyLIFE/Саня#4576 убрал себя из рейда кэпа Эля
[INFO    ] 2020-04-14 21:48:41,800   BDSMmyLIFE/Саня#4576 попал в рейд к кэпу Эля
[INFO    ] 2020-04-14 21:48:49,162   Сохранение рейда Гурманов
[INFO    ] 2020-04-14 21:48:49,676   Сохранение рейда Тутттка
[INFO    ] 2020-04-14 21:49:30,105   BDSMmyLIFE/Саня#4576 попал в рейд к кэпу Гурманов
[INFO    ] 2020-04-14 21:49:54,613   Egogr#7505 попал в рейд к кэпу Эля
[INFO    ] 2020-04-14 21:52:00,392   ТянТян(Ден)#2211 попал в рейд к кэпу Эля
[INFO    ] 2020-04-14 21:52:29,711   ТянТян(Ден)#2211 попал в рейд к кэпу Гурманов
[INFO    ] 2020-04-14 21:59:59,294   Весь#7365 попал в рейд к кэпу Гурманов
[INFO    ] 2020-04-14 22:00:24,089   Виланель#7314 попал в рейд к кэпу Гурманов
[INFO    ] 2020-04-14 22:07:34,449   Сохранение рейда Эля
[INFO    ] 2020-04-14 22:07:52,307   Lurix#1554 попал в рейд к кэпу Тутттка
[INFO    ] 2020-04-14 22:09:08,135   Internum Ramadan Саша#9616 успешно использовал команду !!перерег Cablenot
[INFO    ] 2020-04-14 22:09:21,557   Internum Ramadan Саша#9616 попал в рейд к кэпу Эля
[INFO    ] 2020-04-14 22:12:36,762   DonGrafon#6721 попал в рейд к кэпу Гурманов
[INFO    ] 2020-04-14 22:13:12,581   Сохранение рейда Гурманов
[INFO    ] 2020-04-14 22:13:12,997   Сохранение рейда Тутттка
[INFO    ] 2020-04-14 22:13:14,828   Mettek#8789 попал в рейд к кэпу Гурманов
[INFO    ] 2020-04-14 22:19:01,769   Gliger#7748 попал в рейд к кэпу Эля
[INFO    ] 2020-04-14 22:19:12,962   Gliger#7748 убрал себя из рейда кэпа Эля
[INFO    ] 2020-04-14 22:21:28,714   KoKs#0970 попал в рейд к кэпу Тутттка
[INFO    ] 2020-04-14 22:22:51,515   NutsWin#5619 попал в рейд к кэпу Эля
[INFO    ] 2020-04-14 22:25:15,641   NutsWin#5619 неправильно ввёл команду !!nepeper
[INFO    ] 2020-04-14 22:25:31,718   NutsWin#5619 неправильно ввёл команду !!nepeper Nanapopa
[INFO    ] 2020-04-14 22:30:04,568   Gliger#7748 успешно использовал команду !!капитан Эля К-1 22:30 21:00
[INFO    ] 2020-04-14 22:37:35,886   Сохранение рейда Гурманов
[INFO    ] 2020-04-14 22:37:36,413   Сохранение рейда Тутттка
[INFO    ] 2020-04-14 22:50:30,055   Новое тело появилось на лодке Sigma#5852
[INFO    ] 2020-04-14 23:24:51,167   Новое тело появилось на лодке HotPepper |Рома|#4004
[INFO    ] 2020-04-14 23:26:20,875   Сохранение рейда Гурманов
[INFO    ] 2020-04-14 23:26:21,209   Сохранение рейда Тутттка
[INFO    ] 2020-04-14 23:31:32,308   Серега#6748 попал в рейд к кэпу Тутттка
[INFO    ] 2020-04-14 23:38:29,477   BDSMmyLIFE/Саня#4576 убрал себя из рейда кэпа Гурманов
[INFO    ] 2020-04-14 23:47:07,993   KROL#6660 попал в рейд к кэпу Гурманов
[INFO    ] 2020-04-14 23:52:59,442   Gliger#7748 попал в рейд к кэпу Тутттка
[INFO    ] 2020-04-14 23:53:01,133   Gliger#7748 убрал себя из рейда кэпа Тутттка
[INFO    ] 2020-04-14 23:53:23,971   Gliger#7748 ввёл команду !!help
[INFO    ] 2020-04-14 23:53:33,807   Gliger#7748 ввёл команду !!самая_сложная_команда_для_ввода_где Таня
[INFO    ] 2020-04-14 23:55:25,013   cjwellsmore#4757 попал в рейд к кэпу Тутттка
[INFO    ] 2020-04-14 23:55:51,933   Ramy (Андрей)#3115 убрал себя из рейда кэпа Тутттка
[INFO    ] 2020-04-15 00:00:41,675   Ведро салата#8165 попал в рейд к кэпу Тутттка
[INFO    ] 2020-04-15 00:15:06,217   Gliger#7748 успешно использовал команду !!капитан Гурманов К-4 0:15 21:00
[INFO    ] 2020-04-15 00:15:07,091   Gliger#7748 успешно использовал команду !!капитан Тутттка К-1 0:15 21:00
[INFO    ] 2020-04-15 01:08:13,574   Ldov10#7897 неправильно ввёл команду !!где Таня
[INFO    ] 2020-04-15 01:08:19,970   [TH]Skout#5016 неправильно ввёл команду !!Где Таня
[INFO    ] 2020-04-15 01:08:20,540   Ldov10#7897 неправильно ввёл команду !!Где Таня
[INFO    ] 2020-04-15 01:08:24,225   Ldov10#7897 неправильно ввёл команду !!где таня
[INFO    ] 2020-04-15 01:08:28,936   [TH]Skout#5016 неправильно ввёл команду !!где Таня?
[INFO    ] 2020-04-15 01:08:45,627   [TH]Skout#5016 неправильно ввёл команду !!Осуди его
[INFO    ] 2020-04-15 01:08:49,010   Ldov10#7897 неправильно ввёл команду !!где Таня
[INFO    ] 2020-04-15 01:08:49,012   [TH]Skout#5016 неправильно ввёл команду !!осуди его
[INFO    ] 2020-04-15 01:08:54,765   [TH]Skout#5016 ввёл команду !!осуди_его
[INFO    ] 2020-04-15 01:09:02,932   Ldov10#7897 неправильно ввёл команду !!где_Таня
[INFO    ] 2020-04-15 01:09:09,793   Ldov10#7897 неправильно ввёл команду !!где_таня
[INFO    ] 2020-04-15 01:09:17,576   Ldov10#7897 ввёл команду !!осуди_его
[INFO    ] 2020-04-15 01:21:42,445   Gliger#7748 ввёл команду !!самая_сложная_команда_для_ввода_где Таня
[INFO    ] 2020-04-15 01:22:05,526   Ldov10#7897 неправильно ввёл команду !!самаясложнаякомандадляввода_где Таня
[INFO    ] 2020-04-15 01:22:06,733   [TH]Skout#5016 неправильно ввёл команду !!самаясложнаякомандадляввода_где Таня
[INFO    ] 2020-04-15 01:22:18,434   Ldov10#7897 неправильно ввёл команду !!где Таня
[INFO    ] 2020-04-15 01:22:20,539   [TH]Skout#5016 неправильно ввёл команду !!самаясложнаякомандадляввода_где Таня?
[INFO    ] 2020-04-15 01:22:30,255   Ldov10#7897 неправильно ввёл команду !!самаясложнаякомандадляввода_где
[INFO    ] 2020-04-15 01:22:30,580   Gliger#7748 ввёл команду !!самая_сложная_команда_для_ввода_где Таня
[INFO    ] 2020-04-15 01:22:37,640   [TH]Skout#5016 неправильно ввёл команду !!самаясложнаякомандадляввода_где Таня
[INFO    ] 2020-04-15 01:22:52,898   [TH]Skout#5016 неправильно ввёл команду !!самаясложнаякомандадляввода_где Таня
[INFO    ] 2020-04-15 01:23:39,798   CrazyBrilliant#1030 неправильно ввёл команду !!самаясложнаякомандадляввода_где Таня
[INFO    ] 2020-04-15 01:23:43,791   Ldov10#7897 ввёл команду !!самая_сложная_команда_для_ввода_где Таня
[INFO    ] 2020-04-15 01:23:48,911   [TH]Skout#5016 неправильно ввёл команду !!самаясложнаякомандадляввода_где Таня
[INFO    ] 2020-04-15 01:23:49,558   [TH]Skout#5016 неправильно ввёл команду !!самаясложнаякомандадляввода_где Таня
[INFO    ] 2020-04-15 01:23:50,017   [TH]Skout#5016 неправильно ввёл команду !!самаясложнаякомандадляввода_где Таня
[INFO    ] 2020-04-15 01:23:50,450   [TH]Skout#5016 неправильно ввёл команду !!самаясложнаякомандадляввода_где Таня
[INFO    ] 2020-04-15 01:24:01,506   CrazyBrilliant#1030 неправильно ввёл команду !!самаясложнаякомандадляввода_где Таня
[INFO    ] 2020-04-15 01:25:02,845   Gliger#7748 ввёл команду !!осуди_его
[INFO    ] 2020-04-15 01:25:06,839   Ldov10#7897 ввёл команду !!самая_сложная_команда_для_ввода_где Таня
[INFO    ] 2020-04-15 01:25:25,885   CrazyBrilliant#1030 неправильно ввёл команду !!самаясложнаякомандадляввода_где Таня
[INFO    ] 2020-04-15 01:25:42,782   [TH]Skout#5016 неправильно ввёл команду !!самая*сложная*команда*для*ввода_где Таня
[INFO    ] 2020-04-15 01:26:06,539   LitteDragon#1321 ввёл команду !!самая_сложная_команда_для_ввода_где Таня
[INFO    ] 2020-04-15 01:26:30,090   [TH]Skout#5016 неправильно ввёл команду !!самая*сложная*команда**для**ввода_где Таня
[INFO    ] 2020-04-15 01:26:42,447   Ldov10#7897 ввёл команду !!самая_сложная_команда_для_ввода_где Таня
[INFO    ] 2020-04-15 01:27:51,501   [TH]Skout#5016 неправильно ввёл команду !!самая*сложная***команда****для**ввода_где Таня
[INFO    ] 2020-04-15 01:29:29,255   [TH]Skout#5016 неправильно ввёл команду !!самая**сложная***команда***для**ввода_где Таня
[INFO    ] 2020-04-15 01:29:33,374   Ldov10#7897 ввёл команду !!самая_сложная_команда_для_ввода_где Таня
[INFO    ] 2020-04-15 01:30:57,666   [TH]Skout#5016 ввёл команду !!самая_сложная_команда_для_ввода_где Таня
[INFO    ] 2020-04-15 01:32:27,084   Бот успешно запущен!
[INFO    ] 2020-04-15 01:32:29,970   Gliger#7748 ввёл команду !!самая_`ужасно`_*сложная*\_\`\`\`команда_**для**_\*\*ввода\*\*_где Таня
[INFO    ] 2020-04-15 01:33:47,346   Ldov10#7897 неправильно ввёл команду !!самая'ужасно'сложная_```команда**для****ввода**_где Таня
[INFO    ] 2020-04-15 01:34:05,063   Ldov10#7897 неправильно ввёл команду !!самая`ужасно`сложная_```команда**для****ввода**_где Таня
[INFO    ] 2020-04-15 01:34:22,777   Ldov10#7897 неправильно ввёл команду !!самая_`ужасно`_сложная_```команда**для****ввода**_где Таня
[INFO    ] 2020-04-15 01:34:39,572   [TH]Skout#5016 неправильно ввёл команду !!самая`ужасно`_сложная_'''команда_для_**ввода**_где Таня
[INFO    ] 2020-04-15 01:35:01,383   Ldov10#7897 неправильно ввёл команду !!самая_`ужасно`__сложная__```команда**для****ввода**_где Таня
[INFO    ] 2020-04-15 01:35:35,278   Ldov10#7897 неправильно ввёл команду !!самая_`ужасно`__сложная_```команда**для****ввода**_где Таня
[INFO    ] 2020-04-15 01:35:48,692   Ldov10#7897 неправильно ввёл команду !!самая_`ужасно`_сложная__```команда**для****ввода**_где Таня
[INFO    ] 2020-04-15 01:36:25,276   Ldov10#7897 неправильно ввёл команду !!самая_`ужасно`__сложная___```команда**для****ввода**_где Таня
[INFO    ] 2020-04-15 01:36:35,387   Ldov10#7897 неправильно ввёл команду !!самая_`ужасно`_сложная__```команда**для****ввода**_где Таня
[INFO    ] 2020-04-15 01:36:42,555   Ldov10#7897 неправильно ввёл команду !!самая_`ужасно`_ _сложная__```команда**для****ввода**_где Таня
[INFO    ] 2020-04-15 01:37:37,853   [TH]Skout#5016 неправильно ввёл команду !!самаяужасносложная_```командадля**ввода**_где Таня
[INFO    ] 2020-04-15 01:37:39,082   Ldov10#7897 ввёл команду !!самая_`ужасно`_*сложная*\_\`\`\`команда_**для**_\*\*ввода\*\*_где Таня
[INFO    ] 2020-04-15 01:38:32,125   [TH]Skout#5016 неправильно ввёл команду !!самаяужасносложная_```командадля**ввода**_где Таня
[INFO    ] 2020-04-15 01:41:43,718   [TH]Skout#5016 неправильно ввёл команду !!самаяужасно/сложная/_```команда***для*****ввода**_где Таня
[INFO    ] 2020-04-15 01:42:06,657   Ldov10#7897 ввёл команду !!самая_`ужасно`_*сложная*\_\`\`\`команда_**для**_\*\*ввода\*\*_где Таня
[INFO    ] 2020-04-15 01:42:58,987   [TH]Skout#5016 неправильно ввёл команду !!самая/ужасно/\`сложная\_```командадля**ввода**_где Таня
[INFO    ] 2020-04-15 01:43:18,339   Ldov10#7897 ввёл команду !!самая_`ужасно`_*сложная*\_\`\`\`команда_**для**_\*\*ввода\*\*_где Таня
[INFO    ] 2020-04-15 01:45:11,903   Новое тело появилось на лодке asqi#7415
[INFO    ] 2020-04-15 01:45:31,255   Gliger#7748 ввёл команду !!уйди_бот
[INFO    ] 2020-04-15 01:45:43,031   Ldov10#7897 неправильно ввёл команду !!не уходи бот
[INFO    ] 2020-04-15 02:06:23,147   Бот успешно запущен!
[INFO    ] 2020-04-15 02:06:44,012   Gliger#7748 неправильно ввёл команду !!'самая_сложная_для_ввода_команда_где'
[INFO    ] 2020-04-15 02:06:49,235   Gliger#7748 неправильно ввёл команду !!самая_сложная_для_ввода_команда_где'
[INFO    ] 2020-04-15 02:06:58,963   Gliger#7748 неправильно ввёл команду !!самая_сложная_для_ввода_команда_где
[INFO    ] 2020-04-15 02:07:03,469   Gliger#7748 неправильно ввёл команду !!самаясложнаядлявводакоманда_где Таня
[INFO    ] 2020-04-15 02:07:18,318   Gliger#7748 ввёл команду !!самая_сложная_для_ввода_команда_где Таня
[INFO    ] 2020-04-15 02:08:04,200   Бот успешно запущен!
[INFO    ] 2020-04-15 02:10:09,959   Бот успешно запущен!
[INFO    ] 2020-04-15 03:01:55,813   Бот успешно запущен!
[INFO    ] 2020-04-15 03:02:38,331   Бот успешно запущен!
[INFO    ] 2020-04-15 03:02:45,556   Gliger#7748 ввёл команду !!где Ldow10
[INFO    ] 2020-04-15 03:02:53,235   Ldov10#7897 ввёл команду !!где Ldov10
[INFO    ] 2020-04-15 03:02:58,048   Ldov10#7897 ввёл команду !!где Ldov10
[INFO    ] 2020-04-15 03:03:10,872   Бот успешно запущен!
[INFO    ] 2020-04-15 03:03:12,752   Ldov10#7897 ввёл команду !!где Ldov10
[INFO    ] 2020-04-15 03:03:16,584   Ldov10#7897 ввёл команду !!где Ldov10
[DEBUG   ] 2020-04-15 16:07:15,712   Успешный запуск bot.fun
[DEBUG   ] 2020-04-15 16:07:15,728   Запуск базы данных
[DEBUG   ] 2020-04-15 16:07:15,733   База данных успешно загружена
[DEBUG   ] 2020-04-15 16:07:15,735   Успешный запуск bot.raid_manager
[DEBUG   ] 2020-04-15 16:07:15,736   Успешный запуск bot.events
[DEBUG   ] 2020-04-15 16:07:15,737   Успешный запуск bot.base
[DEBUG   ] 2020-04-15 16:11:19,992   Успешный запуск bot.fun
[DEBUG   ] 2020-04-15 16:11:19,992   Запуск базы данных
[DEBUG   ] 2020-04-15 16:11:19,995   База данных успешно загружена
[DEBUG   ] 2020-04-15 16:11:19,996   Успешный запуск bot.raid_manager
[DEBUG   ] 2020-04-15 16:11:19,996   Успешный запуск bot.events
[DEBUG   ] 2020-04-15 16:11:19,996   Успешный запуск bot.base
[INFO    ] 2020-04-15 16:11:22,895   Бот успешно запущен!
[DEBUG   ] 2020-04-15 16:30:05,301   Успешный запуск bot.fun
[DEBUG   ] 2020-04-15 16:30:05,302   Запуск базы данных
[DEBUG   ] 2020-04-15 16:30:05,307   База данных успешно загружена
[DEBUG   ] 2020-04-15 16:30:05,309   Успешный запуск bot.raid_manager
[DEBUG   ] 2020-04-15 16:30:05,309   Успешный запуск bot.events
[DEBUG   ] 2020-04-15 16:30:05,310   Успешный запуск bot.base
[INFO    ] 2020-04-15 16:30:08,143   Бот успешно запущен!
[DEBUG   ] 2020-04-15 16:56:21,082   Запуск базы данных
[DEBUG   ] 2020-04-15 16:56:21,150   База данных успешно загружена
[DEBUG   ] 2020-04-15 16:56:21,162   Успешный запуск bot.events
[DEBUG   ] 2020-04-15 16:56:21,163   Успешный запуск bot.base
[DEBUG   ] 2020-04-15 16:56:21,163   Запуск базы данных
[DEBUG   ] 2020-04-15 16:56:21,166   База данных успешно загружена
[DEBUG   ] 2020-04-15 16:56:21,168   Успешный запуск bot.raid_manager
[DEBUG   ] 2020-04-15 16:56:21,168   Успешный запуск bot.fun
[INFO    ] 2020-04-15 16:56:24,119   Бот успешно запущен!
[DEBUG   ] 2020-04-16 00:07:13,749   Запуск базы данных
[DEBUG   ] 2020-04-16 00:07:13,861   База данных успешно загружена
[DEBUG   ] 2020-04-16 00:07:13,904   Открытие нового потока для консоли
[DEBUG   ] 2020-04-16 00:07:41,755   Успешный запуск bot.events
[DEBUG   ] 2020-04-16 00:07:41,756   Успешный запуск bot.base
[DEBUG   ] 2020-04-16 00:07:41,757   Запуск базы данных
[DEBUG   ] 2020-04-16 00:07:41,763   База данных успешно загружена
[DEBUG   ] 2020-04-16 00:07:41,765   Успешный запуск bot.raid_manager
[DEBUG   ] 2020-04-16 00:07:41,766   Успешный запуск bot.fun
[INFO    ] 2020-04-16 00:07:44,766   Бот успешно запущен!
[DEBUG   ] 2020-04-16 00:09:32,008   Запуск базы данных
[DEBUG   ] 2020-04-16 00:09:32,067   База данных успешно загружена
[DEBUG   ] 2020-04-16 00:09:32,084   Открытие нового потока для консоли
[DEBUG   ] 2020-04-16 00:09:32,084   Успешный запуск bot.events
[DEBUG   ] 2020-04-16 00:09:32,085   Успешный запуск bot.base
[DEBUG   ] 2020-04-16 00:09:32,085   Запуск базы данных
[DEBUG   ] 2020-04-16 00:09:32,090   База данных успешно загружена
[DEBUG   ] 2020-04-16 00:09:32,092   Успешный запуск bot.raid_manager
[DEBUG   ] 2020-04-16 00:09:32,092   Успешный запуск bot.fun
[INFO    ] 2020-04-16 00:09:35,029   Бот успешно запущен!
[DEBUG   ] 2020-04-16 00:10:13,687   Запуск базы данных
[DEBUG   ] 2020-04-16 00:10:13,693   База данных успешно загружена
[DEBUG   ] 2020-04-16 00:10:13,707   Открытие нового потока для консоли
[DEBUG   ] 2020-04-16 00:10:13,707   Успешный запуск bot.events
[DEBUG   ] 2020-04-16 00:10:13,708   Успешный запуск bot.base
[DEBUG   ] 2020-04-16 00:10:13,708   Запуск базы данных
[DEBUG   ] 2020-04-16 00:10:13,711   База данных успешно загружена
[DEBUG   ] 2020-04-16 00:10:13,712   Успешный запуск bot.raid_manager
[DEBUG   ] 2020-04-16 00:10:13,713   Успешный запуск bot.fun
[INFO    ] 2020-04-16 00:10:16,518   Бот успешно запущен!
[DEBUG   ] 2020-04-16 00:11:12,156   Запуск базы данных
[DEBUG   ] 2020-04-16 00:11:12,221   База данных успешно загружена
[INFO    ] 2020-04-16 00:11:12,236   Открытие нового потока для консоли
[DEBUG   ] 2020-04-16 00:11:12,237   Успешный запуск bot.events
[DEBUG   ] 2020-04-16 00:11:12,238   Успешный запуск bot.base
[DEBUG   ] 2020-04-16 00:11:12,238   Запуск базы данных
[DEBUG   ] 2020-04-16 00:11:12,242   База данных успешно загружена
[DEBUG   ] 2020-04-16 00:11:12,243   Успешный запуск bot.raid_manager
[DEBUG   ] 2020-04-16 00:11:12,244   Успешный запуск bot.fun
[INFO    ] 2020-04-16 00:11:15,798   Бот успешно запущен!
[DEBUG   ] 2020-04-16 00:11:42,131   Запуск базы данных
[DEBUG   ] 2020-04-16 00:11:42,136   База данных успешно загружена
[INFO    ] 2020-04-16 00:11:42,150   Открытие нового потока для консоли
[INFO    ] 2020-04-16 00:11:53,130   Бот завершил свою работу
[DEBUG   ] 2020-04-16 00:12:00,361   Запуск базы данных
[DEBUG   ] 2020-04-16 00:12:00,366   База данных успешно загружена
[INFO    ] 2020-04-16 00:12:00,382   Открытие нового потока для консоли
[DEBUG   ] 2020-04-16 00:13:08,908   Запуск базы данных
[DEBUG   ] 2020-04-16 00:13:08,962   База данных успешно загружена
[INFO    ] 2020-04-16 00:13:19,744   Бот завершил свою работу
[DEBUG   ] 2020-04-16 00:13:40,730   Запуск базы данных
[DEBUG   ] 2020-04-16 00:13:40,744   База данных успешно загружена
[DEBUG   ] 2020-04-16 00:13:40,768   Успешный запуск bot.events
[DEBUG   ] 2020-04-16 00:13:40,769   Успешный запуск bot.base
[DEBUG   ] 2020-04-16 00:13:40,770   Запуск базы данных
[DEBUG   ] 2020-04-16 00:13:40,778   База данных успешно загружена
[DEBUG   ] 2020-04-16 00:13:40,782   Успешный запуск bot.raid_manager
[DEBUG   ] 2020-04-16 00:13:40,784   Успешный запуск bot.fun
[INFO    ] 2020-04-16 00:13:43,673   Бот успешно запущен!
[DEBUG   ] 2020-04-16 00:13:50,825   Запуск базы данных
[DEBUG   ] 2020-04-16 00:13:50,830   База данных успешно загружена
[DEBUG   ] 2020-04-16 00:13:50,843   Успешный запуск bot.events
[DEBUG   ] 2020-04-16 00:13:50,844   Успешный запуск bot.base
[DEBUG   ] 2020-04-16 00:13:50,844   Запуск базы данных
[DEBUG   ] 2020-04-16 00:13:50,848   База данных успешно загружена
[DEBUG   ] 2020-04-16 00:13:50,850   Успешный запуск bot.raid_manager
[DEBUG   ] 2020-04-16 00:13:50,850   Успешный запуск bot.fun
[INFO    ] 2020-04-16 00:13:53,826   Бот успешно запущен!
[DEBUG   ] 2020-04-16 00:15:57,514   Запуск базы данных
[DEBUG   ] 2020-04-16 00:15:57,578   База данных успешно загружена
[DEBUG   ] 2020-04-16 00:16:02,093   Запуск базы данных
[DEBUG   ] 2020-04-16 00:16:02,100   База данных успешно загружена
[INFO    ] 2020-04-16 00:16:23,520   Бот завершил свою работу
[DEBUG   ] 2020-04-16 00:20:03,521   Запуск базы данных
[DEBUG   ] 2020-04-16 00:20:03,587   База данных успешно загружена
[DEBUG   ] 2020-04-16 00:20:43,388   Запуск базы данных
[DEBUG   ] 2020-04-16 00:20:43,394   База данных успешно загружена
[DEBUG   ] 2020-04-16 00:26:44,623   Запуск базы данных
[DEBUG   ] 2020-04-16 00:26:44,683   База данных успешно загружена
[DEBUG   ] 2020-04-16 00:26:44,699   Успешный запуск bot.events
[DEBUG   ] 2020-04-16 00:26:44,700   Успешный запуск bot.base
[DEBUG   ] 2020-04-16 00:26:44,700   Запуск базы данных
[DEBUG   ] 2020-04-16 00:26:44,704   База данных успешно загружена
[DEBUG   ] 2020-04-16 00:26:44,705   Успешный запуск bot.raid_manager
[DEBUG   ] 2020-04-16 00:26:44,705   Успешный запуск bot.fun
[INFO    ] 2020-04-16 00:26:47,650   Бот успешно запущен!
[DEBUG   ] 2020-04-16 00:27:19,064   Запуск базы данных
[DEBUG   ] 2020-04-16 00:27:19,070   База данных успешно загружена
[DEBUG   ] 2020-04-16 00:27:19,086   Успешный запуск bot.events
[DEBUG   ] 2020-04-16 00:27:19,087   Успешный запуск bot.base
[DEBUG   ] 2020-04-16 00:27:19,087   Запуск базы данных
[DEBUG   ] 2020-04-16 00:27:19,090   База данных успешно загружена
[DEBUG   ] 2020-04-16 00:27:19,091   Успешный запуск bot.raid_manager
[DEBUG   ] 2020-04-16 00:27:19,092   Успешный запуск bot.fun
[INFO    ] 2020-04-16 00:27:21,973   Бот успешно запущен!
[DEBUG   ] 2020-04-16 00:27:34,070   Запуск базы данных
[DEBUG   ] 2020-04-16 00:27:34,077   База данных успешно загружена
[DEBUG   ] 2020-04-16 00:27:34,092   Успешный запуск bot.events
[DEBUG   ] 2020-04-16 00:27:34,092   Успешный запуск bot.base
[DEBUG   ] 2020-04-16 00:27:34,093   Запуск базы данных
[DEBUG   ] 2020-04-16 00:27:34,096   База данных успешно загружена
[DEBUG   ] 2020-04-16 00:27:34,097   Успешный запуск bot.raid_manager
[DEBUG   ] 2020-04-16 00:27:34,098   Успешный запуск bot.fun
[INFO    ] 2020-04-16 00:27:37,115   Бот успешно запущен!
[DEBUG   ] 2020-04-16 00:28:35,556   Запуск базы данных
[DEBUG   ] 2020-04-16 00:28:35,622   База данных успешно загружена
[DEBUG   ] 2020-04-16 00:28:35,636   Успешный запуск bot.events
[DEBUG   ] 2020-04-16 00:28:35,637   Успешный запуск bot.base
[DEBUG   ] 2020-04-16 00:28:35,637   Запуск базы данных
[DEBUG   ] 2020-04-16 00:28:35,641   База данных успешно загружена
[DEBUG   ] 2020-04-16 00:28:35,642   Успешный запуск bot.raid_manager
[DEBUG   ] 2020-04-16 00:28:35,643   Успешный запуск bot.fun
[INFO    ] 2020-04-16 00:28:38,467   Бот успешно запущен!
[INFO    ] 2020-04-16 00:28:40,733   Программа была завершена по команде
[DEBUG   ] 2020-04-16 00:30:38,891   Запуск базы данных
[DEBUG   ] 2020-04-16 00:30:38,968   База данных успешно загружена
[DEBUG   ] 2020-04-16 00:30:38,986   Успешный запуск bot.events
[DEBUG   ] 2020-04-16 00:30:38,986   Успешный запуск bot.base
[DEBUG   ] 2020-04-16 00:30:38,987   Запуск базы данных
[DEBUG   ] 2020-04-16 00:30:38,991   База данных успешно загружена
[DEBUG   ] 2020-04-16 00:30:38,993   Успешный запуск bot.raid_manager
[DEBUG   ] 2020-04-16 00:30:38,993   Успешный запуск bot.fun
[INFO    ] 2020-04-16 00:30:41,826   Бот успешно запущен!
[INFO    ] 2020-04-16 00:30:47,418   Gliger#7748 удачно использовал команду !!капитан Хома К-1 0:35
[INFO    ] 2020-04-16 00:31:02,286   TestTestBot#8566 не попал в рейд. Нет регистрации
[INFO    ] 2020-04-16 00:31:02,765   Сохранение рейда Хома
[INFO    ] 2020-04-16 00:31:32,767   Сохранение рейда Хома
[INFO    ] 2020-04-16 00:31:46,693   Программа была завершена по команде
[DEBUG   ] 2020-04-16 00:33:31,397   Запуск базы данных
[DEBUG   ] 2020-04-16 00:33:31,459   База данных успешно загружена
[DEBUG   ] 2020-04-16 00:33:31,474   Успешный запуск bot.events
[DEBUG   ] 2020-04-16 00:33:31,474   Успешный запуск bot.base
[DEBUG   ] 2020-04-16 00:33:31,475   Запуск базы данных
[DEBUG   ] 2020-04-16 00:33:31,478   База данных успешно загружена
[DEBUG   ] 2020-04-16 00:33:31,480   Успешный запуск bot.raid_manager
[DEBUG   ] 2020-04-16 00:33:31,480   Успешный запуск bot.fun
[INFO    ] 2020-04-16 00:33:34,326   Бот успешно запущен!
[INFO    ] 2020-04-16 00:33:46,401   Gliger#7748 удачно использовал команду !!капитан Тутттка К-1 0:40
[INFO    ] 2020-04-16 00:34:02,399   TestTestBot#8566 не попал в рейд. Нет регистрации
[INFO    ] 2020-04-16 00:34:02,689   Сохранение рейда Тутттка
[INFO    ] 2020-04-16 00:34:47,637   Сохранение рейда Тутттка
[INFO    ] 2020-04-16 00:35:32,504   Сохранение рейда Тутттка
[INFO    ] 2020-04-16 00:36:17,318   Сохранение рейда Тутттка
[INFO    ] 2020-04-16 00:37:02,192   Сохранение рейда Тутттка
[INFO    ] 2020-04-16 00:38:32,102   Сохранение рейда Тутттка
[INFO    ] 2020-04-16 00:40:02,533   Gliger#7748 успешно использовал команду !!капитан Тутттка К-1 0:40
[DEBUG   ] 2020-04-16 00:45:08,155   Запуск базы данных
[DEBUG   ] 2020-04-16 00:45:08,220   База данных успешно загружена
[DEBUG   ] 2020-04-16 00:45:08,233   Успешный запуск bot.events
[DEBUG   ] 2020-04-16 00:45:08,234   Успешный запуск bot.base
[DEBUG   ] 2020-04-16 00:45:08,234   Запуск базы данных
[DEBUG   ] 2020-04-16 00:45:08,238   База данных успешно загружена
[DEBUG   ] 2020-04-16 00:45:08,239   Успешный запуск bot.raid_manager
[DEBUG   ] 2020-04-16 00:45:08,239   Успешный запуск bot.fun
[INFO    ] 2020-04-16 00:45:11,142   Бот успешно запущен!
[INFO    ] 2020-04-16 01:00:44,592   Bot started
[INFO    ] 2020-04-16 01:09:21,995   Gliger#7748 ввёл команду !!help
[INFO    ] 2020-04-16 01:09:25,066   Gliger#7748 ввёл команду !!test
[INFO    ] 2020-04-16 01:59:24,316   Бот начал свою работу
[DEBUG   ] 2020-04-16 12:07:29,920   Успешный запуск bot.events
[DEBUG   ] 2020-04-16 12:07:29,941   Успешный запуск bot.base
[DEBUG   ] 2020-04-16 12:07:32,409   Запуск базы данных
[DEBUG   ] 2020-04-16 12:07:32,488   База данных успешно загружена
[DEBUG   ] 2020-04-16 12:07:32,490   Успешный запуск bot.raid_manager
[DEBUG   ] 2020-04-16 12:07:32,491   Успешный запуск bot.fun
[INFO    ] 2020-04-16 12:07:35,590   Бот начал свою работу
[DEBUG   ] 2020-04-16 12:15:00,422   Успешный запуск bot.events
[DEBUG   ] 2020-04-16 12:15:00,423   Успешный запуск bot.base
[DEBUG   ] 2020-04-16 12:15:00,574   Запуск базы данных
[DEBUG   ] 2020-04-16 12:15:00,581   База данных успешно загружена
[DEBUG   ] 2020-04-16 12:15:00,584   Успешный запуск bot.raid_manager
[DEBUG   ] 2020-04-16 12:15:00,585   Успешный запуск bot.fun
[INFO    ] 2020-04-16 12:15:03,827   Бот начал свою работу
[DEBUG   ] 2020-04-16 12:19:08,814   Успешный запуск bot.events
[DEBUG   ] 2020-04-16 12:19:08,815   Успешный запуск bot.base
[DEBUG   ] 2020-04-16 12:19:08,968   Запуск базы данных
[DEBUG   ] 2020-04-16 12:19:09,036   База данных успешно загружена
[DEBUG   ] 2020-04-16 12:19:09,042   Успешный запуск bot.raid_manager
[DEBUG   ] 2020-04-16 12:19:09,043   Успешный запуск bot.fun
[INFO    ] 2020-04-16 12:19:12,343   Бот начал свою работу
[INFO    ] 2020-04-16 12:19:50,393   Gliger#7748 удачно использовал команду !!капитан Mandeson К-1 12:22
[INFO    ] 2020-04-16 12:20:02,558   TestTestBot#8566 не попал в рейд. Нет регистрации
[INFO    ] 2020-04-16 12:20:03,046   Сохранение рейда Mandeson
[INFO    ] 2020-04-16 12:20:18,307   Сохранение рейда Mandeson
[INFO    ] 2020-04-16 12:20:33,361   Сохранение рейда Mandeson
[DEBUG   ] 2020-04-16 13:13:26,249   Успешный запуск bot.events
[DEBUG   ] 2020-04-16 13:13:26,250   Успешный запуск bot.base
[DEBUG   ] 2020-04-16 13:13:26,418   Запуск базы данных
[DEBUG   ] 2020-04-16 13:13:26,478   База данных успешно загружена
[DEBUG   ] 2020-04-16 13:13:26,480   Успешный запуск bot.raid_manager
[DEBUG   ] 2020-04-16 13:13:26,481   Успешный запуск bot.fun
[INFO    ] 2020-04-16 13:13:29,510   Бот начал свою работу
[INFO    ] 2020-04-16 13:13:50,325   Gliger#7748 удачно использовал команду !!капитан Mandeson К-1 13:20 13:14
[INFO    ] 2020-04-16 13:14:02,924   Сохранение рейда Mandeson
[INFO    ] 2020-04-16 13:14:47,776   Сохранение рейда Mandeson
[INFO    ] 2020-04-16 13:15:15,183   Gliger#7748 попал в рейд к кэпу Mandeson
[INFO    ] 2020-04-16 13:15:15,335   Gliger#7748 убрал себя из рейда кэпа Mandeson
[INFO    ] 2020-04-16 13:15:32,826   Сохранение рейда Mandeson
[INFO    ] 2020-04-16 13:16:17,675   Сохранение рейда Mandeson
[DEBUG   ] 2020-04-17 15:40:18,404   Успешный запуск bot.events
[DEBUG   ] 2020-04-17 15:40:18,415   Успешный запуск bot.base
[DEBUG   ] 2020-04-17 15:40:18,416   Запуск базы данных
[DEBUG   ] 2020-04-17 15:40:18,427   База данных успешно загружена
[DEBUG   ] 2020-04-17 15:40:18,431   Успешный запуск bot.raid_manager
[DEBUG   ] 2020-04-17 15:40:18,433   Успешный запуск bot.fun
[INFO    ] 2020-04-17 15:40:21,390   Бот начал свою работу
[INFO    ] 2020-04-17 15:40:24,762   Gliger#7748 неудачно использовал команду !!удали_бронь Сусл. Нету в рейдах
[INFO    ] 2020-04-17 15:40:40,532   Gliger#7748 неправильно ввёл команду !!капитан Тархейн 15:45
[INFO    ] 2020-04-17 15:40:49,443   Gliger#7748 удачно использовал команду !!капитан Тархейн К-1 15:45
[INFO    ] 2020-04-17 15:40:56,403   Gliger#7748 успешно использовал команду !!бронь Сусл
[INFO    ] 2020-04-17 15:41:01,426   Сохранение рейда Тархейн
[INFO    ] 2020-04-17 15:41:12,192   Gliger#7748 удачно использовал команду !!капитан Саня К-1 21:00
[INFO    ] 2020-04-17 15:41:25,288   Gliger#7748 успешно использовал команду !!удали_бронь Сусл
[INFO    ] 2020-04-17 15:41:31,633   Сохранение рейда Тархейн
[INFO    ] 2020-04-17 15:42:01,428   Сохранение рейда Тархейн
[INFO    ] 2020-04-17 15:42:02,129   Сохранение рейда Саня
[INFO    ] 2020-04-17 15:42:31,332   Сохранение рейда Тархейн
[INFO    ] 2020-04-17 15:42:38,806   Gliger#7748 успешно использовал команду !!бронь Сусл
[INFO    ] 2020-04-17 15:42:42,941   Gliger#7748 успешно использовал команду !!удали_бронь Сусл
[INFO    ] 2020-04-17 15:43:01,129   Сохранение рейда Тархейн
[INFO    ] 2020-04-17 15:44:00,910   Сохранение рейда Тархейн
[INFO    ] 2020-04-17 15:45:00,732   Gliger#7748 успешно использовал команду !!капитан Тархейн К-1 15:45
[INFO    ] 2020-04-17 15:51:21,178   Бот начал свою работу
[INFO    ] 2020-04-17 15:51:30,381   Gliger#7748 ввёл команду !!help
[DEBUG   ] 2020-05-14 01:33:46,786   Успешный запуск bot.events
[DEBUG   ] 2020-05-14 01:33:46,794   Успешный запуск bot.base
[DEBUG   ] 2020-05-14 01:33:46,795   Запуск базы данных
[DEBUG   ] 2020-05-14 01:33:46,801   База данных успешно загружена
[DEBUG   ] 2020-05-14 01:33:46,803   Успешный запуск bot.raid_manager
[DEBUG   ] 2020-05-14 01:33:46,804   Успешный запуск bot.fun
[INFO    ] 2020-05-14 01:33:50,448   Бот начал свою работу
[DEBUG   ] 2020-05-14 01:36:15,879   Успешный запуск bot.events
[DEBUG   ] 2020-05-14 01:36:15,880   Успешный запуск bot.base
[DEBUG   ] 2020-05-14 01:36:15,880   Запуск базы данных
[DEBUG   ] 2020-05-14 01:36:15,883   База данных успешно загружена
[DEBUG   ] 2020-05-14 01:36:15,884   Успешный запуск bot.raid_manager
[DEBUG   ] 2020-05-14 01:36:15,885   Успешный запуск bot.fun
[INFO    ] 2020-05-14 01:36:19,872   Бот начал свою работу
[DEBUG   ] 2020-05-14 01:36:59,002   Успешный запуск bot.events
[DEBUG   ] 2020-05-14 01:36:59,003   Успешный запуск bot.base
[DEBUG   ] 2020-05-14 01:36:59,003   Запуск базы данных
[DEBUG   ] 2020-05-14 01:36:59,007   База данных успешно загружена
[DEBUG   ] 2020-05-14 01:36:59,008   Успешный запуск bot.raid_manager
[DEBUG   ] 2020-05-14 01:36:59,008   Успешный запуск bot.fun
[INFO    ] 2020-05-14 01:37:02,275   Бот начал свою работу
[DEBUG   ] 2020-05-14 01:37:37,531   Успешный запуск bot.events
[DEBUG   ] 2020-05-14 01:37:37,532   Успешный запуск bot.base
[DEBUG   ] 2020-05-14 01:37:37,533   Запуск базы данных
[DEBUG   ] 2020-05-14 01:37:37,537   База данных успешно загружена
[DEBUG   ] 2020-05-14 01:37:37,539   Успешный запуск bot.raid_manager
[DEBUG   ] 2020-05-14 01:37:37,539   Успешный запуск bot.fun
[INFO    ] 2020-05-14 01:37:40,469   Бот начал свою работу
[INFO    ] 2020-05-14 01:37:50,723   Gliger#7748 неправильно ввёл команду !!pvp
[DEBUG   ] 2020-05-14 01:38:06,081   Успешный запуск bot.events
[DEBUG   ] 2020-05-14 01:38:06,082   Успешный запуск bot.base
[DEBUG   ] 2020-05-14 01:38:06,082   Запуск базы данных
[DEBUG   ] 2020-05-14 01:38:06,085   База данных успешно загружена
[DEBUG   ] 2020-05-14 01:38:06,087   Успешный запуск bot.raid_manager
[DEBUG   ] 2020-05-14 01:38:06,088   Успешный запуск bot.fun
[INFO    ] 2020-05-14 01:38:09,533   Бот начал свою работу
[INFO    ] 2020-05-14 01:38:16,243   Gliger#7748 неправильно ввёл команду !!pvp
[DEBUG   ] 2020-05-14 01:38:29,778   Успешный запуск bot.events
[DEBUG   ] 2020-05-14 01:38:29,779   Успешный запуск bot.base
[DEBUG   ] 2020-05-14 01:38:29,779   Запуск базы данных
[DEBUG   ] 2020-05-14 01:38:29,783   База данных успешно загружена
[DEBUG   ] 2020-05-14 01:38:29,785   Успешный запуск bot.raid_manager
[DEBUG   ] 2020-05-14 01:38:29,785   Успешный запуск bot.fun
[INFO    ] 2020-05-14 01:38:32,689   Бот начал свою работу
[INFO    ] 2020-05-14 01:38:37,110   Gliger#7748 неправильно ввёл команду !!pvp
[DEBUG   ] 2020-05-14 01:38:51,358   Успешный запуск bot.events
[DEBUG   ] 2020-05-14 01:38:51,359   Успешный запуск bot.base
[DEBUG   ] 2020-05-14 01:38:51,359   Запуск базы данных
[DEBUG   ] 2020-05-14 01:38:51,363   База данных успешно загружена
[DEBUG   ] 2020-05-14 01:38:51,364   Успешный запуск bot.raid_manager
[DEBUG   ] 2020-05-14 01:38:51,365   Успешный запуск bot.fun
[INFO    ] 2020-05-14 01:38:54,500   Бот начал свою работу
[INFO    ] 2020-05-14 01:38:56,101   Gliger#7748 неправильно ввёл команду !!pvp
[DEBUG   ] 2020-05-14 01:39:17,400   Успешный запуск bot.events
[DEBUG   ] 2020-05-14 01:39:17,401   Успешный запуск bot.base
[DEBUG   ] 2020-05-14 01:39:17,401   Запуск базы данных
[DEBUG   ] 2020-05-14 01:39:17,404   База данных успешно загружена
[DEBUG   ] 2020-05-14 01:39:17,405   Успешный запуск bot.raid_manager
[DEBUG   ] 2020-05-14 01:39:17,406   Успешный запуск bot.fun
[INFO    ] 2020-05-14 01:39:20,722   Бот начал свою работу
[DEBUG   ] 2020-05-14 01:39:37,769   Успешный запуск bot.events
[DEBUG   ] 2020-05-14 01:39:37,770   Успешный запуск bot.base
[DEBUG   ] 2020-05-14 01:39:37,770   Запуск базы данных
[DEBUG   ] 2020-05-14 01:39:37,774   База данных успешно загружена
[DEBUG   ] 2020-05-14 01:39:37,775   Успешный запуск bot.raid_manager
[DEBUG   ] 2020-05-14 01:39:37,775   Успешный запуск bot.fun
[INFO    ] 2020-05-14 01:39:40,681   Бот начал свою работу
[DEBUG   ] 2020-05-14 01:40:22,275   Успешный запуск bot.events
[DEBUG   ] 2020-05-14 01:40:22,276   Успешный запуск bot.base
[DEBUG   ] 2020-05-14 01:40:22,276   Запуск базы данных
[DEBUG   ] 2020-05-14 01:40:22,279   База данных успешно загружена
[DEBUG   ] 2020-05-14 01:40:22,281   Успешный запуск bot.raid_manager
[DEBUG   ] 2020-05-14 01:40:22,281   Успешный запуск bot.fun
[INFO    ] 2020-05-14 01:40:25,163   Бот начал свою работу
[INFO    ] 2020-05-14 01:40:33,435   Gliger#7748 неправильно ввёл команду !!pvp
[DEBUG   ] 2020-05-14 01:44:51,499   Успешный запуск bot.events
[DEBUG   ] 2020-05-14 01:44:51,500   Успешный запуск bot.base
[DEBUG   ] 2020-05-14 01:44:51,500   Запуск базы данных
[DEBUG   ] 2020-05-14 01:44:51,504   База данных успешно загружена
[DEBUG   ] 2020-05-14 01:44:51,506   Успешный запуск bot.raid_manager
[DEBUG   ] 2020-05-14 01:44:51,506   Успешный запуск bot.fun
[INFO    ] 2020-05-14 01:44:58,405   Бот начал свою работу
[DEBUG   ] 2020-05-14 01:45:01,984   Успешный запуск bot.events
[DEBUG   ] 2020-05-14 01:45:01,985   Успешный запуск bot.base
[DEBUG   ] 2020-05-14 01:45:01,985   Запуск базы данных
[DEBUG   ] 2020-05-14 01:45:01,990   База данных успешно загружена
[DEBUG   ] 2020-05-14 01:45:01,991   Успешный запуск bot.raid_manager
[DEBUG   ] 2020-05-14 01:45:01,992   Успешный запуск bot.fun
[INFO    ] 2020-05-14 01:45:04,947   Бот начал свою работу
[DEBUG   ] 2020-05-14 01:46:43,848   Успешный запуск bot.events
[DEBUG   ] 2020-05-14 01:46:43,849   Успешный запуск bot.base
[DEBUG   ] 2020-05-14 01:46:43,850   Запуск базы данных
[DEBUG   ] 2020-05-14 01:46:43,855   База данных успешно загружена
[DEBUG   ] 2020-05-14 01:46:43,857   Успешный запуск bot.raid_manager
[DEBUG   ] 2020-05-14 01:46:43,857   Успешный запуск bot.fun
[INFO    ] 2020-05-14 01:46:46,844   Бот начал свою работу
[DEBUG   ] 2020-05-14 01:47:17,371   Успешный запуск bot.events
[DEBUG   ] 2020-05-14 01:47:17,371   Успешный запуск bot.base
[DEBUG   ] 2020-05-14 01:47:17,372   Запуск базы данных
[DEBUG   ] 2020-05-14 01:47:17,374   База данных успешно загружена
[DEBUG   ] 2020-05-14 01:47:17,376   Успешный запуск bot.raid_manager
[DEBUG   ] 2020-05-14 01:47:17,376   Успешный запуск bot.fun
[INFO    ] 2020-05-14 01:47:20,529   Бот начал свою работу
[DEBUG   ] 2020-05-14 01:48:25,804   Успешный запуск bot.events
[DEBUG   ] 2020-05-14 01:48:25,805   Успешный запуск bot.base
[DEBUG   ] 2020-05-14 01:48:25,805   Запуск базы данных
[DEBUG   ] 2020-05-14 01:48:25,809   База данных успешно загружена
[DEBUG   ] 2020-05-14 01:48:25,811   Успешный запуск bot.raid_manager
[DEBUG   ] 2020-05-14 01:48:25,812   Успешный запуск bot.fun
[INFO    ] 2020-05-14 01:48:28,832   Бот начал свою работу
[DEBUG   ] 2020-05-14 01:48:46,427   Успешный запуск bot.events
[DEBUG   ] 2020-05-14 01:48:46,427   Успешный запуск bot.base
[DEBUG   ] 2020-05-14 01:48:46,428   Запуск базы данных
[DEBUG   ] 2020-05-14 01:48:46,431   База данных успешно загружена
[DEBUG   ] 2020-05-14 01:48:46,432   Успешный запуск bot.raid_manager
[DEBUG   ] 2020-05-14 01:48:46,433   Успешный запуск bot.fun
[INFO    ] 2020-05-14 01:48:49,621   Бот начал свою работу
[DEBUG   ] 2020-05-14 01:51:09,037   Успешный запуск bot.events
[DEBUG   ] 2020-05-14 01:51:09,037   Успешный запуск bot.base
[DEBUG   ] 2020-05-14 01:51:09,038   Запуск базы данных
[DEBUG   ] 2020-05-14 01:51:09,041   База данных успешно загружена
[DEBUG   ] 2020-05-14 01:51:09,043   Успешный запуск bot.raid_manager
[DEBUG   ] 2020-05-14 01:51:09,043   Успешный запуск bot.fun
[INFO    ] 2020-05-14 01:51:11,950   Бот начал свою работу
[DEBUG   ] 2020-05-14 01:53:13,188   Успешный запуск bot.events
[DEBUG   ] 2020-05-14 01:53:13,188   Успешный запуск bot.base
[DEBUG   ] 2020-05-14 01:53:13,189   Запуск базы данных
[DEBUG   ] 2020-05-14 01:53:13,193   База данных успешно загружена
[DEBUG   ] 2020-05-14 01:53:13,194   Успешный запуск bot.raid_manager
[DEBUG   ] 2020-05-14 01:53:13,195   Успешный запуск bot.fun
[INFO    ] 2020-05-14 01:53:16,240   Бот начал свою работу
[DEBUG   ] 2020-05-14 01:57:15,672   Успешный запуск bot.events
[DEBUG   ] 2020-05-14 01:57:15,673   Успешный запуск bot.base
[DEBUG   ] 2020-05-14 01:57:15,673   Запуск базы данных
[DEBUG   ] 2020-05-14 01:57:15,677   База данных успешно загружена
[DEBUG   ] 2020-05-14 01:57:15,678   Успешный запуск bot.raid_manager
[DEBUG   ] 2020-05-14 01:57:15,679   Успешный запуск bot.fun
[INFO    ] 2020-05-14 01:57:18,778   Бот начал свою работу
[INFO    ] 2020-05-14 01:57:39,655   Gliger#7748 неправильно ввёл команду !!pvp
[DEBUG   ] 2020-05-14 01:58:23,814   Успешный запуск bot.events
[DEBUG   ] 2020-05-14 01:58:23,814   Успешный запуск bot.base
[DEBUG   ] 2020-05-14 01:58:23,815   Запуск базы данных
[DEBUG   ] 2020-05-14 01:58:23,817   База данных успешно загружена
[DEBUG   ] 2020-05-14 01:58:23,818   Успешный запуск bot.raid_manager
[DEBUG   ] 2020-05-14 01:58:23,819   Успешный запуск bot.fun
[INFO    ] 2020-05-14 01:58:26,740   Бот начал свою работу
[INFO    ] 2020-05-14 01:58:34,586   Gliger#7748 неправильно ввёл команду !!pvp
[DEBUG   ] 2020-05-14 02:01:26,220   Успешный запуск bot.events
[DEBUG   ] 2020-05-14 02:01:26,221   Успешный запуск bot.base
[DEBUG   ] 2020-05-14 02:01:26,222   Запуск базы данных
[DEBUG   ] 2020-05-14 02:01:26,226   База данных успешно загружена
[DEBUG   ] 2020-05-14 02:01:26,227   Успешный запуск bot.raid_manager
[DEBUG   ] 2020-05-14 02:01:26,228   Успешный запуск bot.fun
[INFO    ] 2020-05-14 02:01:29,583   Бот начал свою работу
[DEBUG   ] 2020-05-19 00:22:07,111   Успешный запуск bot.events
[DEBUG   ] 2020-05-19 00:28:37,182   Успешный запуск bot.events
[DEBUG   ] 2020-05-19 00:29:11,968   Успешный запуск bot.events
[DEBUG   ] 2020-05-19 00:31:00,954   Успешный запуск bot.events
[DEBUG   ] 2020-05-19 00:31:00,955   Успешный запуск bot.base
[DEBUG   ] 2020-05-19 00:31:00,956   Запуск базы данных
[DEBUG   ] 2020-05-19 00:31:00,958   База данных успешно загружена
[DEBUG   ] 2020-05-19 00:31:00,960   Успешный запуск bot.raid_manager
[DEBUG   ] 2020-05-19 00:31:00,960   Успешный запуск bot.fun
[INFO    ] 2020-05-19 00:31:04,092   Бот начал свою работу
[INFO    ] 2020-05-19 00:31:19,387   Gliger#7748 неправильно ввёл команду !!очисти_чат ????
Command raised an exception: KeyError: 619240990858936321
[DEBUG   ] 2020-05-19 00:35:03,045   Успешный запуск bot.events
[DEBUG   ] 2020-05-19 00:35:03,047   Успешный запуск bot.base
[DEBUG   ] 2020-05-19 00:35:03,047   Запуск базы данных
[DEBUG   ] 2020-05-19 00:35:03,052   База данных успешно загружена
[DEBUG   ] 2020-05-19 00:35:03,054   Успешный запуск bot.raid_manager
[DEBUG   ] 2020-05-19 00:35:03,055   Успешный запуск bot.fun
[INFO    ] 2020-05-19 00:35:05,893   Бот начал свою работу
[INFO    ] 2020-05-19 00:35:16,664   Gliger#7748 ввёл команду !!очисти_чат. Плохой канал
[INFO    ] 2020-05-19 00:35:36,317   Gliger#7748 ввёл команду !!help
[INFO    ] 2020-05-19 00:36:05,707   Gliger#7748 неправильно ввёл команду !!удалять_тут. Шо?
[DEBUG   ] 2020-05-19 00:39:23,865   Успешный запуск bot.events
[DEBUG   ] 2020-05-19 00:39:23,865   Успешный запуск bot.base
[DEBUG   ] 2020-05-19 00:39:23,866   Запуск базы данных
[DEBUG   ] 2020-05-19 00:39:23,869   База данных успешно загружена
[DEBUG   ] 2020-05-19 00:39:23,871   Успешный запуск bot.raid_manager
[DEBUG   ] 2020-05-19 00:39:23,871   Успешный запуск bot.fun
[INFO    ] 2020-05-19 00:39:26,676   Бот начал свою работу
[INFO    ] 2020-05-19 00:39:30,556   Gliger#7748 ввёл команду !!help
[DEBUG   ] 2020-05-19 00:40:04,605   Успешный запуск bot.events
[DEBUG   ] 2020-05-19 00:40:04,606   Успешный запуск bot.base
[DEBUG   ] 2020-05-19 00:40:04,606   Запуск базы данных
[DEBUG   ] 2020-05-19 00:40:04,609   База данных успешно загружена
[DEBUG   ] 2020-05-19 00:40:04,611   Успешный запуск bot.raid_manager
[DEBUG   ] 2020-05-19 00:40:04,611   Успешный запуск bot.fun
[INFO    ] 2020-05-19 00:40:07,562   Бот начал свою работу
[INFO    ] 2020-05-19 00:40:19,873   Gliger#7748 успешно ввёл команду !!очисти_чат
[DEBUG   ] 2020-05-19 00:43:41,749   Успешный запуск bot.events
[DEBUG   ] 2020-05-19 00:43:41,750   Успешный запуск bot.base
[DEBUG   ] 2020-05-19 00:43:41,750   Запуск базы данных
[DEBUG   ] 2020-05-19 00:43:41,753   База данных успешно загружена
[DEBUG   ] 2020-05-19 00:43:41,754   Успешный запуск bot.raid_manager
[DEBUG   ] 2020-05-19 00:43:41,755   Успешный запуск bot.fun
[INFO    ] 2020-05-19 00:43:44,760   Бот начал свою работу
[INFO    ] 2020-05-19 00:43:58,930   Gliger#7748 ввёл команду !!очисти_чат. Плохой канал
[INFO    ] 2020-05-19 00:44:07,071   Gliger#7748 неправильно ввёл команду !!тут_чистить. Шо?
[INFO    ] 2020-05-19 00:44:42,184   Gliger#7748 успешно ввёл команду !!очисти_чат
[DEBUG   ] 2020-05-19 00:46:20,069   Успешный запуск bot.events
[DEBUG   ] 2020-05-19 00:46:20,072   Успешный запуск bot.base
[DEBUG   ] 2020-05-19 00:46:20,073   Запуск базы данных
[DEBUG   ] 2020-05-19 00:46:20,083   База данных успешно загружена
[DEBUG   ] 2020-05-19 00:46:20,088   Успешный запуск bot.raid_manager
[DEBUG   ] 2020-05-19 00:46:20,090   Успешный запуск bot.fun
[INFO    ] 2020-05-19 00:46:22,967   Бот начал свою работу
[INFO    ] 2020-05-19 00:46:28,114   Gliger#7748 неправильно ввёл команду !!тут_чистить. Шо?
[INFO    ] 2020-05-19 00:46:43,676   Gliger#7748 успешно ввёл команду !!очисти_чат
[DEBUG   ] 2020-05-19 00:46:48,239   Успешный запуск bot.events
[DEBUG   ] 2020-05-19 00:46:48,240   Успешный запуск bot.base
[DEBUG   ] 2020-05-19 00:46:48,240   Запуск базы данных
[DEBUG   ] 2020-05-19 00:46:48,243   База данных успешно загружена
[DEBUG   ] 2020-05-19 00:46:48,244   Успешный запуск bot.raid_manager
[DEBUG   ] 2020-05-19 00:46:48,245   Успешный запуск bot.fun
[INFO    ] 2020-05-19 00:46:51,028   Бот начал свою работу
[INFO    ] 2020-05-19 00:46:55,460   Gliger#7748 ввёл команду !!test
[INFO    ] 2020-05-19 00:46:58,933   Gliger#7748 ввёл команду !!очисти_чат. Плохой канал
[DEBUG   ] 2020-05-19 00:47:11,598   Успешный запуск bot.events
[DEBUG   ] 2020-05-19 00:47:11,599   Успешный запуск bot.base
[DEBUG   ] 2020-05-19 00:47:11,599   Запуск базы данных
[DEBUG   ] 2020-05-19 00:47:11,603   База данных успешно загружена
[DEBUG   ] 2020-05-19 00:47:11,604   Успешный запуск bot.raid_manager
[DEBUG   ] 2020-05-19 00:47:11,604   Успешный запуск bot.fun
[INFO    ] 2020-05-19 00:47:14,382   Бот начал свою работу
[INFO    ] 2020-05-19 00:47:18,265   Gliger#7748 ввёл команду !!очисти_чат. Плохой канал
[DEBUG   ] 2020-05-19 00:48:39,486   Успешный запуск bot.events
[DEBUG   ] 2020-05-19 00:48:39,489   Успешный запуск bot.base
[DEBUG   ] 2020-05-19 00:48:39,489   Запуск базы данных
[DEBUG   ] 2020-05-19 00:48:39,499   База данных успешно загружена
[DEBUG   ] 2020-05-19 00:48:39,503   Успешный запуск bot.raid_manager
[DEBUG   ] 2020-05-19 00:48:39,505   Успешный запуск bot.fun
[INFO    ] 2020-05-19 00:48:42,343   Бот начал свою работу
[INFO    ] 2020-05-19 00:48:45,999   Gliger#7748 ввёл команду !!очисти_чат. Плохой канал
[DEBUG   ] 2020-05-19 00:49:12,308   Успешный запуск bot.events
[DEBUG   ] 2020-05-19 00:49:12,309   Успешный запуск bot.base
[DEBUG   ] 2020-05-19 00:49:12,310   Запуск базы данных
[DEBUG   ] 2020-05-19 00:49:12,313   База данных успешно загружена
[DEBUG   ] 2020-05-19 00:49:12,314   Успешный запуск bot.raid_manager
[DEBUG   ] 2020-05-19 00:49:12,315   Успешный запуск bot.fun
[INFO    ] 2020-05-19 00:49:15,092   Бот начал свою работу
[INFO    ] 2020-05-19 00:49:18,718   Gliger#7748 ввёл команду !!очисти_чат. Плохой канал
[DEBUG   ] 2020-05-19 00:51:00,468   Успешный запуск bot.events
[DEBUG   ] 2020-05-19 00:51:00,470   Успешный запуск bot.base
[DEBUG   ] 2020-05-19 00:51:00,471   Запуск базы данных
[DEBUG   ] 2020-05-19 00:51:00,479   База данных успешно загружена
[DEBUG   ] 2020-05-19 00:51:00,482   Успешный запуск bot.raid_manager
[DEBUG   ] 2020-05-19 00:51:00,483   Успешный запуск bot.fun
[INFO    ] 2020-05-19 00:51:03,352   Бот начал свою работу
[INFO    ] 2020-05-19 00:51:10,021   Gliger#7748 неправильно ввёл команду !!очисти_чат ????
Command raised an exception: KeyError: 619240990858936321
[DEBUG   ] 2020-05-19 00:52:25,293   Успешный запуск bot.events
[DEBUG   ] 2020-05-19 00:52:25,294   Успешный запуск bot.base
[DEBUG   ] 2020-05-19 00:52:25,295   Запуск базы данных
[DEBUG   ] 2020-05-19 00:52:25,298   База данных успешно загружена
[DEBUG   ] 2020-05-19 00:52:25,300   Успешный запуск bot.raid_manager
[DEBUG   ] 2020-05-19 00:52:25,300   Успешный запуск bot.fun
[INFO    ] 2020-05-19 00:52:28,124   Бот начал свою работу
[INFO    ] 2020-05-19 00:52:29,804   Gliger#7748 ввёл команду !!очисти_чат. Плохой канал
[DEBUG   ] 2020-05-19 00:53:04,281   Успешный запуск bot.events
[DEBUG   ] 2020-05-19 00:53:04,282   Успешный запуск bot.base
[DEBUG   ] 2020-05-19 00:53:04,282   Запуск базы данных
[DEBUG   ] 2020-05-19 00:53:04,285   База данных успешно загружена
[DEBUG   ] 2020-05-19 00:53:04,286   Успешный запуск bot.raid_manager
[DEBUG   ] 2020-05-19 00:53:04,287   Успешный запуск bot.fun
[INFO    ] 2020-05-19 00:53:07,044   Бот начал свою работу
[INFO    ] 2020-05-19 00:53:13,106   Gliger#7748 ввёл команду !!очисти_чат. Плохой канал
[DEBUG   ] 2020-05-19 00:53:35,077   Успешный запуск bot.events
[DEBUG   ] 2020-05-19 00:53:35,078   Успешный запуск bot.base
[DEBUG   ] 2020-05-19 00:53:35,079   Запуск базы данных
[DEBUG   ] 2020-05-19 00:53:35,082   База данных успешно загружена
[DEBUG   ] 2020-05-19 00:53:35,084   Успешный запуск bot.raid_manager
[DEBUG   ] 2020-05-19 00:53:35,084   Успешный запуск bot.fun
[INFO    ] 2020-05-19 00:53:37,867   Бот начал свою работу
[INFO    ] 2020-05-19 00:53:40,146   Gliger#7748 успешно ввёл команду !!очисти_чат
[INFO    ] 2020-05-19 00:53:56,112   Gliger#7748 неправильно ввёл команду !!не_удалять 712060391945011260. Шо?
[INFO    ] 2020-05-19 00:54:16,536   Gliger#7748 успешно ввёл команду !!очисти_чат
[DEBUG   ] 2020-05-19 00:54:56,886   Успешный запуск bot.events
[DEBUG   ] 2020-05-19 00:54:56,888   Успешный запуск bot.base
[DEBUG   ] 2020-05-19 00:54:56,888   Запуск базы данных
[DEBUG   ] 2020-05-19 00:54:56,891   База данных успешно загружена
[DEBUG   ] 2020-05-19 00:54:56,892   Успешный запуск bot.raid_manager
[DEBUG   ] 2020-05-19 00:54:56,893   Успешный запуск bot.fun
[INFO    ] 2020-05-19 00:54:59,684   Бот начал свою работу
[INFO    ] 2020-05-19 00:55:05,029   Gliger#7748 успешно ввёл команду !!очисти_чат
[DEBUG   ] 2020-05-19 00:58:22,991   Успешный запуск bot.events
[DEBUG   ] 2020-05-19 00:58:22,992   Успешный запуск bot.base
[DEBUG   ] 2020-05-19 00:58:22,993   Запуск базы данных
[DEBUG   ] 2020-05-19 00:58:22,996   База данных успешно загружена
[DEBUG   ] 2020-05-19 00:58:22,998   Успешный запуск bot.raid_manager
[DEBUG   ] 2020-05-19 00:58:22,999   Успешный запуск bot.fun
[INFO    ] 2020-05-19 00:58:25,819   Бот начал свою работу
[INFO    ] 2020-05-19 00:58:33,313   Gliger#7748 ввёл команду !!очисти_чат. Плохой канал
[DEBUG   ] 2020-05-19 00:58:52,607   Успешный запуск bot.events
[DEBUG   ] 2020-05-19 00:58:52,608   Успешный запуск bot.base
[DEBUG   ] 2020-05-19 00:58:52,608   Запуск базы данных
[DEBUG   ] 2020-05-19 00:58:52,611   База данных успешно загружена
[DEBUG   ] 2020-05-19 00:58:52,612   Успешный запуск bot.raid_manager
[DEBUG   ] 2020-05-19 00:58:52,613   Успешный запуск bot.fun
[INFO    ] 2020-05-19 00:58:55,578   Бот начал свою работу
[INFO    ] 2020-05-19 00:58:56,767   Gliger#7748 ввёл команду !!очисти_чат. Плохой канал
[INFO    ] 2020-05-19 00:59:13,432   Gliger#7748 успешно ввёл команду !!очисти_чат
[DEBUG   ] 2020-05-19 01:00:05,652   Успешный запуск bot.events
[DEBUG   ] 2020-05-19 01:00:05,654   Успешный запуск bot.base
[DEBUG   ] 2020-05-19 01:00:05,654   Запуск базы данных
[DEBUG   ] 2020-05-19 01:00:05,664   База данных успешно загружена
[DEBUG   ] 2020-05-19 01:00:05,666   Успешный запуск bot.raid_manager
[DEBUG   ] 2020-05-19 01:00:05,667   Успешный запуск bot.fun
[INFO    ] 2020-05-19 01:00:08,630   Бот начал свою работу
[INFO    ] 2020-05-19 01:00:25,856   Gliger#7748 успешно ввёл команду !!очисти_чат
[INFO    ] 2020-05-19 01:00:39,375   Gliger#7748 неправильно ввёл команду !!не_удалять 712062086209077319. Шо?
[INFO    ] 2020-05-19 01:00:44,900   Gliger#7748 неправильно ввёл команду !!ну_удаляй 712062086209077319. Шо?
[INFO    ] 2020-05-19 01:00:56,367   Gliger#7748 успешно ввёл команду !!очисти_чат
[DEBUG   ] 2020-05-19 01:01:57,352   Успешный запуск bot.events
[DEBUG   ] 2020-05-19 01:01:57,353   Успешный запуск bot.base
[DEBUG   ] 2020-05-19 01:01:57,353   Запуск базы данных
[DEBUG   ] 2020-05-19 01:01:57,356   База данных успешно загружена
[DEBUG   ] 2020-05-19 01:01:57,358   Успешный запуск bot.raid_manager
[DEBUG   ] 2020-05-19 01:01:57,358   Успешный запуск bot.fun
[INFO    ] 2020-05-19 01:02:00,140   Бот начал свою работу
[INFO    ] 2020-05-19 01:02:09,072   Gliger#7748 успешно ввёл команду !!очисти_чат
[INFO    ] 2020-05-19 01:02:21,976   Gliger#7748 успешно ввёл команду !!очисти_чат
[INFO    ] 2020-05-19 01:02:29,245   Gliger#7748 успешно ввёл команду !!очисти_чат
[DEBUG   ] 2020-05-19 01:02:32,249   Успешный запуск bot.events
[DEBUG   ] 2020-05-19 01:02:32,250   Успешный запуск bot.base
[DEBUG   ] 2020-05-19 01:02:32,250   Запуск базы данных
[DEBUG   ] 2020-05-19 01:02:32,253   База данных успешно загружена
[DEBUG   ] 2020-05-19 01:02:32,255   Успешный запуск bot.raid_manager
[DEBUG   ] 2020-05-19 01:02:32,255   Успешный запуск bot.fun
[INFO    ] 2020-05-19 01:02:35,052   Бот начал свою работу
[INFO    ] 2020-05-19 01:02:36,208   Gliger#7748 успешно ввёл команду !!очисти_чат
[INFO    ] 2020-05-19 01:02:43,274   Gliger#7748 успешно ввёл команду !!очисти_чат
[INFO    ] 2020-05-19 01:02:55,255   Gliger#7748 успешно ввёл команду !!очисти_чат
[DEBUG   ] 2020-05-19 01:03:31,429   Успешный запуск bot.events
[DEBUG   ] 2020-05-19 01:03:31,430   Успешный запуск bot.base
[DEBUG   ] 2020-05-19 01:03:31,430   Запуск базы данных
[DEBUG   ] 2020-05-19 01:03:31,433   База данных успешно загружена
[DEBUG   ] 2020-05-19 01:03:31,435   Успешный запуск bot.raid_manager
[DEBUG   ] 2020-05-19 01:03:31,435   Успешный запуск bot.fun
[INFO    ] 2020-05-19 01:03:34,259   Бот начал свою работу
[INFO    ] 2020-05-19 01:03:41,601   Gliger#7748 успешно ввёл команду !!очисти_чат
[INFO    ] 2020-05-19 01:03:58,232   Gliger#7748 успешно ввёл команду !!очисти_чат
[INFO    ] 2020-05-19 01:07:08,228   Бот начал свою работу
[INFO    ] 2020-05-19 01:07:11,880   Gliger#7748 ввёл команду !!help
[INFO    ] 2020-05-30 14:51:27,157   Бот начал свою работу
[INFO    ] 2020-05-30 14:51:33,397   Gliger#7748 неправильно ввёл команду !!выполни_приказ 12 ????
Command raised an exception: AttributeError: 'Bot' object has no attribute 'server'
[INFO    ] 2020-05-30 14:51:50,138   Бот начал свою работу
[INFO    ] 2020-05-30 14:51:50,843   Gliger#7748 неправильно ввёл команду !!выполни_приказ 12 ????
Command raised an exception: AttributeError: 'Bot' object has no attribute 'servers'
[INFO    ] 2020-05-30 14:52:15,110   Бот начал свою работу
[INFO    ] 2020-05-30 14:52:16,328   Gliger#7748 неправильно ввёл команду !!выполни_приказ 12 ????
Command raised an exception: AttributeError: 'Bot' object has no attribute 'servers'
[INFO    ] 2020-05-30 14:53:16,904   Бот начал свою работу
[INFO    ] 2020-05-30 14:55:24,361   Бот начал свою работу
[INFO    ] 2020-05-30 14:55:50,476   Бот начал свою работу
[INFO    ] 2020-05-30 14:58:52,120   Gliger#7748 неправильно ввёл команду !!выполни_приказ 12 ????
Command raised an exception: AttributeError: 'Bot' object has no attribute 'leave_server'
[INFO    ] 2020-05-30 14:58:53,108   Бот начал свою работу
[INFO    ] 2020-05-30 15:00:31,250   Бот начал свою работу
[INFO    ] 2020-05-30 15:00:47,530   Gliger#7748 неправильно ввёл команду !!выполни_приказ 12э ????
Converting to "int" failed for parameter "number".
[INFO    ] 2020-05-30 15:03:56,410   Бот начал свою работу
[INFO    ] 2020-05-30 15:05:27,053   Бот начал свою работу
[INFO    ] 2020-05-30 15:05:33,644   Бот начал свою работу
[INFO    ] 2020-05-30 15:11:09,117   Бот начал свою работу
[INFO    ] 2020-05-30 15:11:41,470   Бот начал свою работу
[INFO    ] 2020-05-30 15:12:02,477   Бот начал свою работу
[INFO    ] 2020-05-30 15:12:48,181   Бот начал свою работу
[INFO    ] 2020-05-30 15:13:28,824   Бот начал свою работу
[INFO    ] 2020-05-30 15:15:19,821   Бот начал свою работу
[INFO    ] 2020-05-30 15:15:44,055   Бот начал свою работу
[INFO    ] 2020-05-30 15:15:56,147   Бот начал свою работу
[INFO    ] 2020-05-30 15:16:40,485   Бот начал свою работу
[INFO    ] 2020-05-30 15:17:07,530   Бот начал свою работу
[INFO    ] 2020-05-30 15:17:44,834   Бот начал свою работу
[INFO    ] 2020-05-30 15:18:43,577   Бот начал свою работу
[INFO    ] 2020-05-30 15:19:52,254   Бот начал свою работу
[INFO    ] 2020-05-30 23:15:21,397   Бот начал свою работу
[INFO    ] 2020-05-30 23:15:50,510   Gliger#7748 неудачно использовал команду !!удали_рейд Тест
[INFO    ] 2020-05-30 23:15:55,936   Gliger#7748 удачно использовал команду !!капитан Тест К-1 23:59 23:30
[INFO    ] 2020-05-30 23:16:11,603   Gliger#7748 ввёл команду !!help бронь
[INFO    ] 2020-05-30 23:16:21,337   Gliger#7748 успешно использовал команду !!бронь Хом1 Тест
[INFO    ] 2020-05-30 23:16:21,337   Gliger#7748 неправильно ввёл команду !!бронь Хом1 Тест ????
Command raised an exception: AttributeError: 'NoneType' object has no attribute 'content'
[INFO    ] 2020-05-30 23:16:31,368   Gliger#7748 успешно использовал команду !!бронь Хом2 Тест
[INFO    ] 2020-05-30 23:16:31,368   Gliger#7748 неправильно ввёл команду !!бронь Хом2 Тест ????
Command raised an exception: AttributeError: 'NoneType' object has no attribute 'content'
[INFO    ] 2020-05-30 23:16:33,775   Gliger#7748 успешно использовал команду !!бронь Хом3 Тест
[INFO    ] 2020-05-30 23:16:33,776   Gliger#7748 неправильно ввёл команду !!бронь Хом3 Тест ????
Command raised an exception: AttributeError: 'NoneType' object has no attribute 'content'
[INFO    ] 2020-05-30 23:16:35,841   Gliger#7748 успешно использовал команду !!бронь Хом4 Тест
[INFO    ] 2020-05-30 23:16:35,842   Gliger#7748 неправильно ввёл команду !!бронь Хом4 Тест ????
Command raised an exception: AttributeError: 'NoneType' object has no attribute 'content'
[INFO    ] 2020-05-30 23:16:45,599   Gliger#7748 неправильно ввёл команду !!покажи_состав Тест ????
Command raised an exception: HTTPException: 400 Bad Request (error code: 50006): Cannot send an empty message
[INFO    ] 2020-05-30 23:17:00,552   Gliger#7748 успешно использовал команду !!сохрани_рейд Тест
[INFO    ] 2020-05-30 23:17:24,977   Бот начал свою работу
[INFO    ] 2020-05-30 23:17:36,086   Gliger#7748 успешно использовал команду !!загрузи_рейд Тест 23:59
[INFO    ] 2020-05-30 23:17:42,237   Gliger#7748 успешно использовал команду !!покажи_состав Тест
[DEBUG   ] 2020-05-30 23:30:50,844   Успешный запуск bot.events
[DEBUG   ] 2020-05-30 23:30:50,845   Успешный запуск bot.base
[DEBUG   ] 2020-05-30 23:30:50,845   Запуск базы данных
[DEBUG   ] 2020-05-30 23:30:50,848   База данных успешно загружена
[DEBUG   ] 2020-05-30 23:30:50,849   Успешный запуск bot.raid_manager
[DEBUG   ] 2020-05-30 23:30:50,850   Успешный запуск bot.fun
[INFO    ] 2020-05-30 23:30:53,867   Бот начал свою работу
[INFO    ] 2020-05-30 23:32:10,598   Gliger#7748 удачно использовал команду !!капитан Mandeson К-1 23:35 23:34
[INFO    ] 2020-05-30 23:32:16,947   Gliger#7748 успешно использовал команду !!покажи Mandeson
[INFO    ] 2020-05-30 23:34:02,932   Сохранение рейда Mandeson
[INFO    ] 2020-05-30 23:34:11,434   Сохранение рейда Mandeson
[INFO    ] 2020-05-30 23:34:19,277   Сохранение рейда Mandeson
[INFO    ] 2020-05-30 23:34:27,237   Сохранение рейда Mandeson
[INFO    ] 2020-05-30 23:34:35,188   Сохранение рейда Mandeson
[INFO    ] 2020-05-30 23:34:50,141   Сохранение рейда Mandeson
[INFO    ] 2020-05-30 23:35:05,295   Gliger#7748 успешно использовал команду !!капитан Mandeson К-1 23:35 23:34
[INFO    ] 2020-05-30 23:35:16,148   Gliger#7748 использовал команду !!покажи_рейды
[INFO    ] 2020-05-30 23:36:50,293   Бот начал свою работу
[INFO    ] 2020-05-30 23:37:06,025   Gliger#7748 удачно использовал команду !!капитан Котэ К-1 23:40 23:38
[INFO    ] 2020-05-30 23:37:18,621   Gliger#7748 успешно использовал команду !!покажи Котэ
[INFO    ] 2020-05-30 23:38:02,142   Сохранение рейда Котэ
[INFO    ] 2020-05-30 23:38:17,299   Сохранение рейда Котэ
[INFO    ] 2020-05-30 23:38:32,308   Сохранение рейда Котэ
[INFO    ] 2020-05-30 23:38:47,408   Сохранение рейда Котэ
[INFO    ] 2020-05-30 23:39:02,459   Сохранение рейда Котэ
[INFO    ] 2020-05-30 23:39:32,396   Сохранение рейда Котэ
[INFO    ] 2020-05-30 23:39:58,812   Бот начал свою работу
[INFO    ] 2020-05-30 23:41:31,057   Владыка#1418 неудачно использовал команду !!покажи_состав Wolford
[INFO    ] 2020-05-30 23:41:49,916   Бот начал свою работу
[INFO    ] 2020-05-30 23:43:14,718   Бот начал свою работу
[INFO    ] 2020-05-30 23:44:05,188   Бот начал свою работу
[INFO    ] 2020-05-30 23:44:10,993   Gliger#7748 неправильно ввёл команду !!скажи 619240990858936321 619240990858936324 Хочу тебе сказать ????
Command raised an exception: TypeError: send() takes from 1 to 2 positional arguments but 4 were given
[INFO    ] 2020-05-30 23:44:20,093   Gliger#7748 неправильно ввёл команду !!скажи 619240990858936321 619240990858936324 Хочу тебе сказать ????
Command raised an exception: TypeError: send() takes from 1 to 2 positional arguments but 4 were given
[INFO    ] 2020-05-30 23:44:28,536   Бот начал свою работу
[INFO    ] 2020-05-30 23:44:28,709   Gliger#7748 неправильно ввёл команду !!скажи 619240990858936321 619240990858936324 Хочу тебе сказать ????
Command raised an exception: HTTPException: 400 Bad Request (error code: 50006): Cannot send an empty message
[INFO    ] 2020-05-30 23:44:45,238   Бот начал свою работу
[INFO    ] 2020-05-30 23:44:46,629   Gliger#7748 неправильно ввёл команду !!скажи 619240990858936321 619240990858936324 Хочу тебе сказать ????
Command raised an exception: HTTPException: 400 Bad Request (error code: 50006): Cannot send an empty message
[INFO    ] 2020-05-30 23:44:59,840   Gliger#7748 неправильно ввёл команду !!скажи 619240990858936321 619240990858936324 Хочу тебе сказать ????
Command raised an exception: TypeError: send() takes from 1 to 2 positional arguments but 4 were given
[INFO    ] 2020-05-30 23:45:01,528   Бот начал свою работу
[INFO    ] 2020-05-30 23:45:25,673   Бот начал свою работу
[INFO    ] 2020-05-30 23:45:28,101   Gliger#7748 неправильно ввёл команду !!скажи 619240990858936321 619240990858936324 Хочу тебе сказать ????
Command raised an exception: TypeError: must be str or None, not tuple
[INFO    ] 2020-05-30 23:45:48,322   Бот начал свою работу
